{"uid":"69c2a86ee8d7fa1b","name":"Add a product to the comparison list from the product detail page","fullName":"src/test/resources/features/CompareProducts.feature:7","historyId":"500d77173dd900bc963e2dd381f8ca60","time":{"start":1735960096669,"stop":1735960104694,"duration":8025},"description":"  As a user\n  I want to be able to add products to a comparison list\n  So that I can compare the features of different products","descriptionHtml":"<p>As a user<br />\nI want to be able to add products to a comparison list<br />\nSo that I can compare the features of different products</p>\n","status":"broken","statusMessage":"stale element reference: stale element not found in the current frame\n  (Session info: chrome=131.0.6778.139)\nFor documentation on this error, please visit: https://www.selenium.dev/documentation/webdriver/troubleshooting/errors#stale-element-reference-exception\nBuild info: version: '4.27.0', revision: 'd6e718d134'\nSystem info: os.name: 'Linux', os.arch: 'amd64', os.version: '6.5.0-1025-azure', java.version: '19.0.2'\nDriver info: org.openqa.selenium.chrome.ChromeDriver\nCommand: [c1de52bbdd5ecee02e1856de5f45f8f7, getElementText {id=f.C7598A29A8BF1C282AED7B18142B3DE9.d.096EA22E67D0A30F57278E40FEE24DD5.e.405}]\nCapabilities {acceptInsecureCerts: false, browserName: chrome, browserVersion: 131.0.6778.139, chrome: {chromedriverVersion: 131.0.6778.108 (3b014839fbc..., userDataDir: /tmp/.org.chromium.Chromium...}, fedcm:accounts: true, goog:chromeOptions: {debuggerAddress: localhost:37841}, networkConnectionEnabled: false, pageLoadStrategy: normal, platformName: linux, proxy: Proxy(), se:cdp: ws://localhost:37841/devtoo..., se:cdpVersion: 131.0.6778.139, setWindowRect: true, strictFileInteractability: false, timeouts: {implicit: 0, pageLoad: 300000, script: 30000}, unhandledPromptBehavior: dismiss and notify, webauthn:extension:credBlob: true, webauthn:extension:largeBlob: true, webauthn:extension:minPinLength: true, webauthn:extension:prf: true, webauthn:virtualAuthenticators: true}\nElement: [[ChromeDriver: chrome on linux (c1de52bbdd5ecee02e1856de5f45f8f7)] -> xpath:     //*[@id=\"maincontent\"]/div[2]/div[2]/div/div/div\n]\nSession ID: c1de52bbdd5ecee02e1856de5f45f8f7","statusTrace":"org.openqa.selenium.StaleElementReferenceException: stale element reference: stale element not found in the current frame\n  (Session info: chrome=131.0.6778.139)\nFor documentation on this error, please visit: https://www.selenium.dev/documentation/webdriver/troubleshooting/errors#stale-element-reference-exception\nBuild info: version: '4.27.0', revision: 'd6e718d134'\nSystem info: os.name: 'Linux', os.arch: 'amd64', os.version: '6.5.0-1025-azure', java.version: '19.0.2'\nDriver info: org.openqa.selenium.chrome.ChromeDriver\nCommand: [c1de52bbdd5ecee02e1856de5f45f8f7, getElementText {id=f.C7598A29A8BF1C282AED7B18142B3DE9.d.096EA22E67D0A30F57278E40FEE24DD5.e.405}]\nCapabilities {acceptInsecureCerts: false, browserName: chrome, browserVersion: 131.0.6778.139, chrome: {chromedriverVersion: 131.0.6778.108 (3b014839fbc..., userDataDir: /tmp/.org.chromium.Chromium...}, fedcm:accounts: true, goog:chromeOptions: {debuggerAddress: localhost:37841}, networkConnectionEnabled: false, pageLoadStrategy: normal, platformName: linux, proxy: Proxy(), se:cdp: ws://localhost:37841/devtoo..., se:cdpVersion: 131.0.6778.139, setWindowRect: true, strictFileInteractability: false, timeouts: {implicit: 0, pageLoad: 300000, script: 30000}, unhandledPromptBehavior: dismiss and notify, webauthn:extension:credBlob: true, webauthn:extension:largeBlob: true, webauthn:extension:minPinLength: true, webauthn:extension:prf: true, webauthn:virtualAuthenticators: true}\nElement: [[ChromeDriver: chrome on linux (c1de52bbdd5ecee02e1856de5f45f8f7)] -> xpath:     //*[@id=\"maincontent\"]/div[2]/div[2]/div/div/div\n]\nSession ID: c1de52bbdd5ecee02e1856de5f45f8f7\n\tat java.base/jdk.internal.reflect.DirectConstructorHandleAccessor.newInstance(DirectConstructorHandleAccessor.java:67)\n\tat java.base/java.lang.reflect.Constructor.newInstanceWithCaller(Constructor.java:500)\n\tat java.base/java.lang.reflect.Constructor.newInstance(Constructor.java:484)\n\tat org.openqa.selenium.remote.ErrorCodec.decode(ErrorCodec.java:167)\n\tat org.openqa.selenium.remote.codec.w3c.W3CHttpResponseCodec.decode(W3CHttpResponseCodec.java:138)\n\tat org.openqa.selenium.remote.codec.w3c.W3CHttpResponseCodec.decode(W3CHttpResponseCodec.java:50)\n\tat org.openqa.selenium.remote.HttpCommandExecutor.execute(HttpCommandExecutor.java:190)\n\tat org.openqa.selenium.remote.service.DriverCommandExecutor.invokeExecute(DriverCommandExecutor.java:216)\n\tat org.openqa.selenium.remote.service.DriverCommandExecutor.execute(DriverCommandExecutor.java:174)\n\tat org.openqa.selenium.remote.RemoteWebDriver.execute(RemoteWebDriver.java:545)\n\tat org.openqa.selenium.remote.RemoteWebElement.execute(RemoteWebElement.java:223)\n\tat org.openqa.selenium.remote.RemoteWebElement.getText(RemoteWebElement.java:191)\n\tat com.itqa.pages.ProductPage.getCompareListSuccessMessage(ProductPage.java:83)\n\tat stepdefinitions.CompareProductsSteps.iShouldSeeASuccessMessageIndicatingThatProductWasAddedToCompareList(CompareProductsSteps.java:42)\n\tat ✽.I should see a success message indicating that product was added to compare list(file:///home/runner/work/ui-api-testing/ui-api-testing/ui-testing/src/test/resources/features/CompareProducts.feature:14)\n","flaky":false,"newFailed":false,"newBroken":true,"newPassed":false,"retriesCount":0,"retriesStatusChange":false,"beforeStages":[{"name":"stepdefinitions.Hooks.setUp()","time":{"start":1735960096669,"stop":1735960097086,"duration":417},"status":"passed","steps":[],"attachments":[],"parameters":[],"shouldDisplayMessage":false,"stepsCount":0,"attachmentsCount":0,"hasContent":false}],"testStage":{"description":"  As a user\n  I want to be able to add products to a comparison list\n  So that I can compare the features of different products","status":"broken","statusMessage":"stale element reference: stale element not found in the current frame\n  (Session info: chrome=131.0.6778.139)\nFor documentation on this error, please visit: https://www.selenium.dev/documentation/webdriver/troubleshooting/errors#stale-element-reference-exception\nBuild info: version: '4.27.0', revision: 'd6e718d134'\nSystem info: os.name: 'Linux', os.arch: 'amd64', os.version: '6.5.0-1025-azure', java.version: '19.0.2'\nDriver info: org.openqa.selenium.chrome.ChromeDriver\nCommand: [c1de52bbdd5ecee02e1856de5f45f8f7, getElementText {id=f.C7598A29A8BF1C282AED7B18142B3DE9.d.096EA22E67D0A30F57278E40FEE24DD5.e.405}]\nCapabilities {acceptInsecureCerts: false, browserName: chrome, browserVersion: 131.0.6778.139, chrome: {chromedriverVersion: 131.0.6778.108 (3b014839fbc..., userDataDir: /tmp/.org.chromium.Chromium...}, fedcm:accounts: true, goog:chromeOptions: {debuggerAddress: localhost:37841}, networkConnectionEnabled: false, pageLoadStrategy: normal, platformName: linux, proxy: Proxy(), se:cdp: ws://localhost:37841/devtoo..., se:cdpVersion: 131.0.6778.139, setWindowRect: true, strictFileInteractability: false, timeouts: {implicit: 0, pageLoad: 300000, script: 30000}, unhandledPromptBehavior: dismiss and notify, webauthn:extension:credBlob: true, webauthn:extension:largeBlob: true, webauthn:extension:minPinLength: true, webauthn:extension:prf: true, webauthn:virtualAuthenticators: true}\nElement: [[ChromeDriver: chrome on linux (c1de52bbdd5ecee02e1856de5f45f8f7)] -> xpath:     //*[@id=\"maincontent\"]/div[2]/div[2]/div/div/div\n]\nSession ID: c1de52bbdd5ecee02e1856de5f45f8f7","statusTrace":"org.openqa.selenium.StaleElementReferenceException: stale element reference: stale element not found in the current frame\n  (Session info: chrome=131.0.6778.139)\nFor documentation on this error, please visit: https://www.selenium.dev/documentation/webdriver/troubleshooting/errors#stale-element-reference-exception\nBuild info: version: '4.27.0', revision: 'd6e718d134'\nSystem info: os.name: 'Linux', os.arch: 'amd64', os.version: '6.5.0-1025-azure', java.version: '19.0.2'\nDriver info: org.openqa.selenium.chrome.ChromeDriver\nCommand: [c1de52bbdd5ecee02e1856de5f45f8f7, getElementText {id=f.C7598A29A8BF1C282AED7B18142B3DE9.d.096EA22E67D0A30F57278E40FEE24DD5.e.405}]\nCapabilities {acceptInsecureCerts: false, browserName: chrome, browserVersion: 131.0.6778.139, chrome: {chromedriverVersion: 131.0.6778.108 (3b014839fbc..., userDataDir: /tmp/.org.chromium.Chromium...}, fedcm:accounts: true, goog:chromeOptions: {debuggerAddress: localhost:37841}, networkConnectionEnabled: false, pageLoadStrategy: normal, platformName: linux, proxy: Proxy(), se:cdp: ws://localhost:37841/devtoo..., se:cdpVersion: 131.0.6778.139, setWindowRect: true, strictFileInteractability: false, timeouts: {implicit: 0, pageLoad: 300000, script: 30000}, unhandledPromptBehavior: dismiss and notify, webauthn:extension:credBlob: true, webauthn:extension:largeBlob: true, webauthn:extension:minPinLength: true, webauthn:extension:prf: true, webauthn:virtualAuthenticators: true}\nElement: [[ChromeDriver: chrome on linux (c1de52bbdd5ecee02e1856de5f45f8f7)] -> xpath:     //*[@id=\"maincontent\"]/div[2]/div[2]/div/div/div\n]\nSession ID: c1de52bbdd5ecee02e1856de5f45f8f7\n\tat java.base/jdk.internal.reflect.DirectConstructorHandleAccessor.newInstance(DirectConstructorHandleAccessor.java:67)\n\tat java.base/java.lang.reflect.Constructor.newInstanceWithCaller(Constructor.java:500)\n\tat java.base/java.lang.reflect.Constructor.newInstance(Constructor.java:484)\n\tat org.openqa.selenium.remote.ErrorCodec.decode(ErrorCodec.java:167)\n\tat org.openqa.selenium.remote.codec.w3c.W3CHttpResponseCodec.decode(W3CHttpResponseCodec.java:138)\n\tat org.openqa.selenium.remote.codec.w3c.W3CHttpResponseCodec.decode(W3CHttpResponseCodec.java:50)\n\tat org.openqa.selenium.remote.HttpCommandExecutor.execute(HttpCommandExecutor.java:190)\n\tat org.openqa.selenium.remote.service.DriverCommandExecutor.invokeExecute(DriverCommandExecutor.java:216)\n\tat org.openqa.selenium.remote.service.DriverCommandExecutor.execute(DriverCommandExecutor.java:174)\n\tat org.openqa.selenium.remote.RemoteWebDriver.execute(RemoteWebDriver.java:545)\n\tat org.openqa.selenium.remote.RemoteWebElement.execute(RemoteWebElement.java:223)\n\tat org.openqa.selenium.remote.RemoteWebElement.getText(RemoteWebElement.java:191)\n\tat com.itqa.pages.ProductPage.getCompareListSuccessMessage(ProductPage.java:83)\n\tat stepdefinitions.CompareProductsSteps.iShouldSeeASuccessMessageIndicatingThatProductWasAddedToCompareList(CompareProductsSteps.java:42)\n\tat ✽.I should see a success message indicating that product was added to compare list(file:///home/runner/work/ui-api-testing/ui-api-testing/ui-testing/src/test/resources/features/CompareProducts.feature:14)\n","steps":[{"name":"Given  I am on the homepage for comparison","time":{"start":1735960097086,"stop":1735960098439,"duration":1353},"status":"passed","steps":[],"attachments":[],"parameters":[],"shouldDisplayMessage":false,"stepsCount":0,"attachmentsCount":0,"hasContent":false},{"name":"When  I search for \"T-Shirt\" for comparison","time":{"start":1735960098439,"stop":1735960100230,"duration":1791},"status":"passed","steps":[],"attachments":[],"parameters":[],"shouldDisplayMessage":false,"stepsCount":0,"attachmentsCount":0,"hasContent":false},{"name":"And  I select the \"first\" product for comparison and Add to Compare","time":{"start":1735960100230,"stop":1735960102155,"duration":1925},"status":"passed","steps":[],"attachments":[],"parameters":[],"shouldDisplayMessage":false,"stepsCount":0,"attachmentsCount":0,"hasContent":false},{"name":"Then  I should see a success message indicating that product was added to compare list","time":{"start":1735960102155,"stop":1735960102198,"duration":43},"status":"passed","steps":[],"attachments":[],"parameters":[],"shouldDisplayMessage":false,"stepsCount":0,"attachmentsCount":0,"hasContent":false},{"name":"And  the product should be added to the compare products list and count 1","time":{"start":1735960102198,"stop":1735960102739,"duration":541},"status":"passed","steps":[],"attachments":[],"parameters":[],"shouldDisplayMessage":false,"stepsCount":0,"attachmentsCount":0,"hasContent":false},{"name":"When  I select the \"second\" product for comparison and Add to Compare","time":{"start":1735960102739,"stop":1735960104542,"duration":1803},"status":"passed","steps":[],"attachments":[],"parameters":[],"shouldDisplayMessage":false,"stepsCount":0,"attachmentsCount":0,"hasContent":false},{"name":"Then  I should see a success message indicating that product was added to compare list","time":{"start":1735960104542,"stop":1735960104603,"duration":61},"status":"broken","statusMessage":"stale element reference: stale element not found in the current frame\n  (Session info: chrome=131.0.6778.139)\nFor documentation on this error, please visit: https://www.selenium.dev/documentation/webdriver/troubleshooting/errors#stale-element-reference-exception\nBuild info: version: '4.27.0', revision: 'd6e718d134'\nSystem info: os.name: 'Linux', os.arch: 'amd64', os.version: '6.5.0-1025-azure', java.version: '19.0.2'\nDriver info: org.openqa.selenium.chrome.ChromeDriver\nCommand: [c1de52bbdd5ecee02e1856de5f45f8f7, getElementText {id=f.C7598A29A8BF1C282AED7B18142B3DE9.d.096EA22E67D0A30F57278E40FEE24DD5.e.405}]\nCapabilities {acceptInsecureCerts: false, browserName: chrome, browserVersion: 131.0.6778.139, chrome: {chromedriverVersion: 131.0.6778.108 (3b014839fbc..., userDataDir: /tmp/.org.chromium.Chromium...}, fedcm:accounts: true, goog:chromeOptions: {debuggerAddress: localhost:37841}, networkConnectionEnabled: false, pageLoadStrategy: normal, platformName: linux, proxy: Proxy(), se:cdp: ws://localhost:37841/devtoo..., se:cdpVersion: 131.0.6778.139, setWindowRect: true, strictFileInteractability: false, timeouts: {implicit: 0, pageLoad: 300000, script: 30000}, unhandledPromptBehavior: dismiss and notify, webauthn:extension:credBlob: true, webauthn:extension:largeBlob: true, webauthn:extension:minPinLength: true, webauthn:extension:prf: true, webauthn:virtualAuthenticators: true}\nElement: [[ChromeDriver: chrome on linux (c1de52bbdd5ecee02e1856de5f45f8f7)] -> xpath:     //*[@id=\"maincontent\"]/div[2]/div[2]/div/div/div\n]\nSession ID: c1de52bbdd5ecee02e1856de5f45f8f7","statusTrace":"org.openqa.selenium.StaleElementReferenceException: stale element reference: stale element not found in the current frame\n  (Session info: chrome=131.0.6778.139)\nFor documentation on this error, please visit: https://www.selenium.dev/documentation/webdriver/troubleshooting/errors#stale-element-reference-exception\nBuild info: version: '4.27.0', revision: 'd6e718d134'\nSystem info: os.name: 'Linux', os.arch: 'amd64', os.version: '6.5.0-1025-azure', java.version: '19.0.2'\nDriver info: org.openqa.selenium.chrome.ChromeDriver\nCommand: [c1de52bbdd5ecee02e1856de5f45f8f7, getElementText {id=f.C7598A29A8BF1C282AED7B18142B3DE9.d.096EA22E67D0A30F57278E40FEE24DD5.e.405}]\nCapabilities {acceptInsecureCerts: false, browserName: chrome, browserVersion: 131.0.6778.139, chrome: {chromedriverVersion: 131.0.6778.108 (3b014839fbc..., userDataDir: /tmp/.org.chromium.Chromium...}, fedcm:accounts: true, goog:chromeOptions: {debuggerAddress: localhost:37841}, networkConnectionEnabled: false, pageLoadStrategy: normal, platformName: linux, proxy: Proxy(), se:cdp: ws://localhost:37841/devtoo..., se:cdpVersion: 131.0.6778.139, setWindowRect: true, strictFileInteractability: false, timeouts: {implicit: 0, pageLoad: 300000, script: 30000}, unhandledPromptBehavior: dismiss and notify, webauthn:extension:credBlob: true, webauthn:extension:largeBlob: true, webauthn:extension:minPinLength: true, webauthn:extension:prf: true, webauthn:virtualAuthenticators: true}\nElement: [[ChromeDriver: chrome on linux (c1de52bbdd5ecee02e1856de5f45f8f7)] -> xpath:     //*[@id=\"maincontent\"]/div[2]/div[2]/div/div/div\n]\nSession ID: c1de52bbdd5ecee02e1856de5f45f8f7\n\tat java.base/jdk.internal.reflect.DirectConstructorHandleAccessor.newInstance(DirectConstructorHandleAccessor.java:67)\n\tat java.base/java.lang.reflect.Constructor.newInstanceWithCaller(Constructor.java:500)\n\tat java.base/java.lang.reflect.Constructor.newInstance(Constructor.java:484)\n\tat org.openqa.selenium.remote.ErrorCodec.decode(ErrorCodec.java:167)\n\tat org.openqa.selenium.remote.codec.w3c.W3CHttpResponseCodec.decode(W3CHttpResponseCodec.java:138)\n\tat org.openqa.selenium.remote.codec.w3c.W3CHttpResponseCodec.decode(W3CHttpResponseCodec.java:50)\n\tat org.openqa.selenium.remote.HttpCommandExecutor.execute(HttpCommandExecutor.java:190)\n\tat org.openqa.selenium.remote.service.DriverCommandExecutor.invokeExecute(DriverCommandExecutor.java:216)\n\tat org.openqa.selenium.remote.service.DriverCommandExecutor.execute(DriverCommandExecutor.java:174)\n\tat org.openqa.selenium.remote.RemoteWebDriver.execute(RemoteWebDriver.java:545)\n\tat org.openqa.selenium.remote.RemoteWebElement.execute(RemoteWebElement.java:223)\n\tat org.openqa.selenium.remote.RemoteWebElement.getText(RemoteWebElement.java:191)\n\tat com.itqa.pages.ProductPage.getCompareListSuccessMessage(ProductPage.java:83)\n\tat stepdefinitions.CompareProductsSteps.iShouldSeeASuccessMessageIndicatingThatProductWasAddedToCompareList(CompareProductsSteps.java:42)\n\tat ✽.I should see a success message indicating that product was added to compare list(file:///home/runner/work/ui-api-testing/ui-api-testing/ui-testing/src/test/resources/features/CompareProducts.feature:14)\n","steps":[],"attachments":[],"parameters":[],"shouldDisplayMessage":true,"stepsCount":0,"attachmentsCount":0,"hasContent":true},{"name":"And  the product should be added to the compare products list and count 2","time":{"start":1735960104604,"stop":1735960104604,"duration":0},"status":"skipped","steps":[],"attachments":[],"parameters":[],"shouldDisplayMessage":false,"stepsCount":0,"attachmentsCount":0,"hasContent":false},{"name":"When  I click the compare button","time":{"start":1735960104605,"stop":1735960104605,"duration":0},"status":"skipped","steps":[],"attachments":[],"parameters":[],"shouldDisplayMessage":false,"stepsCount":0,"attachmentsCount":0,"hasContent":false},{"name":"Then  I should see  the comparison list","time":{"start":1735960104605,"stop":1735960104605,"duration":0},"status":"skipped","steps":[],"attachments":[],"parameters":[],"shouldDisplayMessage":false,"stepsCount":0,"attachmentsCount":0,"hasContent":false}],"attachments":[],"parameters":[],"shouldDisplayMessage":false,"stepsCount":10,"attachmentsCount":0,"hasContent":true},"afterStages":[{"name":"stepdefinitions.Hooks.tearDown()","time":{"start":1735960104606,"stop":1735960104693,"duration":87},"status":"passed","steps":[],"attachments":[],"parameters":[],"shouldDisplayMessage":false,"stepsCount":0,"attachmentsCount":0,"hasContent":false}],"labels":[{"name":"tag","value":"compare"},{"name":"host","value":"fv-az1040-826"},{"name":"thread","value":"2940@fv-az1040-826.main(1)"},{"name":"feature","value":"Product Comparison Functionality"},{"name":"story","value":"Add a product to the comparison list from the product detail page"},{"name":"suite","value":"Product Comparison Functionality"},{"name":"testClass","value":"Add a product to the comparison list from the product detail page"},{"name":"framework","value":"cucumber4jvm"},{"name":"language","value":"java"},{"name":"gherkin_uri","value":"file:///home/runner/work/ui-api-testing/ui-api-testing/ui-testing/src/test/resources/features/CompareProducts.feature"},{"name":"package","value":"src.test.resources.features.CompareProducts_feature.Product Comparison Functionality"},{"name":"resultFormat","value":"allure2"}],"parameters":[],"links":[],"hidden":false,"retry":false,"extra":{"severity":"normal","retries":[],"categories":[{"name":"Test defects","matchedStatuses":[],"flaky":false}],"history":{"statistic":{"failed":0,"broken":6,"skipped":0,"passed":7,"unknown":0,"total":13},"items":[{"uid":"3e39f7944143b0a1","reportUrl":"https://seefaBanu.github.io/ui-api-testing/34//#testresult/3e39f7944143b0a1","status":"passed","time":{"start":1735959534903,"stop":1735959545055,"duration":10152}},{"uid":"b635366414437c1f","reportUrl":"https://seefaBanu.github.io/ui-api-testing/33//#testresult/b635366414437c1f","status":"passed","time":{"start":1735928313304,"stop":1735928321882,"duration":8578}},{"uid":"b31a027802c2b7fd","reportUrl":"https://seefaBanu.github.io/ui-api-testing/32//#testresult/b31a027802c2b7fd","status":"broken","statusDetails":"stale element reference: stale element not found in the current frame\n  (Session info: chrome=131.0.6778.139)\nFor documentation on this error, please visit: https://www.selenium.dev/documentation/webdriver/troubleshooting/errors#stale-element-reference-exception\nBuild info: version: '4.27.0', revision: 'd6e718d134'\nSystem info: os.name: 'Linux', os.arch: 'amd64', os.version: '6.5.0-1025-azure', java.version: '19.0.2'\nDriver info: org.openqa.selenium.chrome.ChromeDriver\nCommand: [caedf30b36e2634c63015633d2ea35de, getElementText {id=f.4666E2CC54A282D1BC5304C38325CB1D.d.C1AE09BCC4DB86C7E8388C48D172DAA0.e.258}]\nCapabilities {acceptInsecureCerts: false, browserName: chrome, browserVersion: 131.0.6778.139, chrome: {chromedriverVersion: 131.0.6778.108 (3b014839fbc..., userDataDir: /tmp/.org.chromium.Chromium...}, fedcm:accounts: true, goog:chromeOptions: {debuggerAddress: localhost:36317}, networkConnectionEnabled: false, pageLoadStrategy: normal, platformName: linux, proxy: Proxy(), se:cdp: ws://localhost:36317/devtoo..., se:cdpVersion: 131.0.6778.139, setWindowRect: true, strictFileInteractability: false, timeouts: {implicit: 0, pageLoad: 300000, script: 30000}, unhandledPromptBehavior: dismiss and notify, webauthn:extension:credBlob: true, webauthn:extension:largeBlob: true, webauthn:extension:minPinLength: true, webauthn:extension:prf: true, webauthn:virtualAuthenticators: true}\nElement: [[ChromeDriver: chrome on linux (caedf30b36e2634c63015633d2ea35de)] -> xpath:     //*[@id=\"maincontent\"]/div[2]/div[2]/div/div/div\n]\nSession ID: caedf30b36e2634c63015633d2ea35de","time":{"start":1735922125193,"stop":1735922130461,"duration":5268}},{"uid":"9ef4828c888ebda7","reportUrl":"https://seefaBanu.github.io/ui-api-testing/30//#testresult/9ef4828c888ebda7","status":"passed","time":{"start":1735921885493,"stop":1735921894011,"duration":8518}},{"uid":"64e9ba9a64066eb2","reportUrl":"https://seefaBanu.github.io/ui-api-testing/29//#testresult/64e9ba9a64066eb2","status":"passed","time":{"start":1735919289501,"stop":1735919299098,"duration":9597}},{"uid":"6f30a00c1f10b5b9","reportUrl":"https://seefaBanu.github.io/ui-api-testing/28//#testresult/6f30a00c1f10b5b9","status":"broken","statusDetails":"stale element reference: stale element not found in the current frame\n  (Session info: chrome=131.0.6778.139)\nFor documentation on this error, please visit: https://www.selenium.dev/documentation/webdriver/troubleshooting/errors#stale-element-reference-exception\nBuild info: version: '4.27.0', revision: 'd6e718d134'\nSystem info: os.name: 'Linux', os.arch: 'amd64', os.version: '6.5.0-1025-azure', java.version: '19.0.2'\nDriver info: org.openqa.selenium.chrome.ChromeDriver\nCommand: [4e927e22bc6fac409361ab5cef498e58, getElementText {id=f.F5176A5E56D237BE649BA20C02FE198D.d.12E711967A0F8514F7D0CF64D0BC9A04.e.259}]\nCapabilities {acceptInsecureCerts: false, browserName: chrome, browserVersion: 131.0.6778.139, chrome: {chromedriverVersion: 131.0.6778.108 (3b014839fbc..., userDataDir: /tmp/.org.chromium.Chromium...}, fedcm:accounts: true, goog:chromeOptions: {debuggerAddress: localhost:42615}, networkConnectionEnabled: false, pageLoadStrategy: normal, platformName: linux, proxy: Proxy(), se:cdp: ws://localhost:42615/devtoo..., se:cdpVersion: 131.0.6778.139, setWindowRect: true, strictFileInteractability: false, timeouts: {implicit: 0, pageLoad: 300000, script: 30000}, unhandledPromptBehavior: dismiss and notify, webauthn:extension:credBlob: true, webauthn:extension:largeBlob: true, webauthn:extension:minPinLength: true, webauthn:extension:prf: true, webauthn:virtualAuthenticators: true}\nElement: [[ChromeDriver: chrome on linux (4e927e22bc6fac409361ab5cef498e58)] -> xpath:     //*[@id=\"maincontent\"]/div[2]/div[2]/div/div/div\n]\nSession ID: 4e927e22bc6fac409361ab5cef498e58","time":{"start":1735911775387,"stop":1735911781235,"duration":5848}},{"uid":"a1f3d230dfe1797c","reportUrl":"https://seefaBanu.github.io/ui-api-testing/27//#testresult/a1f3d230dfe1797c","status":"broken","statusDetails":"stale element reference: stale element not found in the current frame\n  (Session info: chrome=131.0.6778.139)\nFor documentation on this error, please visit: https://www.selenium.dev/documentation/webdriver/troubleshooting/errors#stale-element-reference-exception\nBuild info: version: '4.27.0', revision: 'd6e718d134'\nSystem info: os.name: 'Linux', os.arch: 'amd64', os.version: '6.5.0-1025-azure', java.version: '19.0.2'\nDriver info: org.openqa.selenium.chrome.ChromeDriver\nCommand: [a558616143efc23f5dad69737f18f625, getElementText {id=f.54C4FEC4D11743AD2FA5F2A9F73BC91D.d.D0450784F022C1124358FFC54F13851A.e.397}]\nCapabilities {acceptInsecureCerts: false, browserName: chrome, browserVersion: 131.0.6778.139, chrome: {chromedriverVersion: 131.0.6778.108 (3b014839fbc..., userDataDir: /tmp/.org.chromium.Chromium...}, fedcm:accounts: true, goog:chromeOptions: {debuggerAddress: localhost:38959}, networkConnectionEnabled: false, pageLoadStrategy: normal, platformName: linux, proxy: Proxy(), se:cdp: ws://localhost:38959/devtoo..., se:cdpVersion: 131.0.6778.139, setWindowRect: true, strictFileInteractability: false, timeouts: {implicit: 0, pageLoad: 300000, script: 30000}, unhandledPromptBehavior: dismiss and notify, webauthn:extension:credBlob: true, webauthn:extension:largeBlob: true, webauthn:extension:minPinLength: true, webauthn:extension:prf: true, webauthn:virtualAuthenticators: true}\nElement: [[ChromeDriver: chrome on linux (a558616143efc23f5dad69737f18f625)] -> xpath:     //*[@id=\"maincontent\"]/div[2]/div[2]/div/div/div\n]\nSession ID: a558616143efc23f5dad69737f18f625","time":{"start":1735908527951,"stop":1735908536651,"duration":8700}},{"uid":"ea6ac0eeee3bbc31","reportUrl":"https://seefaBanu.github.io/ui-api-testing/26//#testresult/ea6ac0eeee3bbc31","status":"broken","statusDetails":"stale element reference: stale element not found in the current frame\n  (Session info: chrome=131.0.6778.139)\nFor documentation on this error, please visit: https://www.selenium.dev/documentation/webdriver/troubleshooting/errors#stale-element-reference-exception\nBuild info: version: '4.27.0', revision: 'd6e718d134'\nSystem info: os.name: 'Linux', os.arch: 'amd64', os.version: '6.5.0-1025-azure', java.version: '19.0.2'\nDriver info: org.openqa.selenium.chrome.ChromeDriver\nCommand: [7fab3be10ee47e80ab046ea695466e7a, getElementText {id=f.55C657B3B274161B7455A3DAC7E6D6B9.d.B486B5B73D314F3A8DAFEF6032CF1A6E.e.400}]\nCapabilities {acceptInsecureCerts: false, browserName: chrome, browserVersion: 131.0.6778.139, chrome: {chromedriverVersion: 131.0.6778.108 (3b014839fbc..., userDataDir: /tmp/.org.chromium.Chromium...}, fedcm:accounts: true, goog:chromeOptions: {debuggerAddress: localhost:38343}, networkConnectionEnabled: false, pageLoadStrategy: normal, platformName: linux, proxy: Proxy(), se:cdp: ws://localhost:38343/devtoo..., se:cdpVersion: 131.0.6778.139, setWindowRect: true, strictFileInteractability: false, timeouts: {implicit: 0, pageLoad: 300000, script: 30000}, unhandledPromptBehavior: dismiss and notify, webauthn:extension:credBlob: true, webauthn:extension:largeBlob: true, webauthn:extension:minPinLength: true, webauthn:extension:prf: true, webauthn:virtualAuthenticators: true}\nElement: [[ChromeDriver: chrome on linux (7fab3be10ee47e80ab046ea695466e7a)] -> xpath:     //*[@id=\"maincontent\"]/div[2]/div[2]/div/div/div\n]\nSession ID: 7fab3be10ee47e80ab046ea695466e7a","time":{"start":1735908481639,"stop":1735908489275,"duration":7636}},{"uid":"9df7378fa23313db","reportUrl":"https://seefaBanu.github.io/ui-api-testing/25//#testresult/9df7378fa23313db","status":"passed","time":{"start":1735908442345,"stop":1735908451922,"duration":9577}},{"uid":"3111bf552680a098","reportUrl":"https://seefaBanu.github.io/ui-api-testing/24//#testresult/3111bf552680a098","status":"broken","statusDetails":"stale element reference: stale element not found in the current frame\n  (Session info: chrome=131.0.6778.139)\nFor documentation on this error, please visit: https://www.selenium.dev/documentation/webdriver/troubleshooting/errors#stale-element-reference-exception\nBuild info: version: '4.27.0', revision: 'd6e718d134'\nSystem info: os.name: 'Linux', os.arch: 'amd64', os.version: '6.5.0-1025-azure', java.version: '19.0.2'\nDriver info: org.openqa.selenium.chrome.ChromeDriver\nCommand: [9d4305996317bd798a50396ae0734bc7, getElementText {id=f.68D5A83A32AF08102961CCA4E76B92B5.d.A2C1A15063BB2E4AEA8BFFCA1F95E198.e.263}]\nCapabilities {acceptInsecureCerts: false, browserName: chrome, browserVersion: 131.0.6778.139, chrome: {chromedriverVersion: 131.0.6778.108 (3b014839fbc..., userDataDir: /tmp/.org.chromium.Chromium...}, fedcm:accounts: true, goog:chromeOptions: {debuggerAddress: localhost:38785}, networkConnectionEnabled: false, pageLoadStrategy: normal, platformName: linux, proxy: Proxy(), se:cdp: ws://localhost:38785/devtoo..., se:cdpVersion: 131.0.6778.139, setWindowRect: true, strictFileInteractability: false, timeouts: {implicit: 0, pageLoad: 300000, script: 30000}, unhandledPromptBehavior: dismiss and notify, webauthn:extension:credBlob: true, webauthn:extension:largeBlob: true, webauthn:extension:minPinLength: true, webauthn:extension:prf: true, webauthn:virtualAuthenticators: true}\nElement: [[ChromeDriver: chrome on linux (9d4305996317bd798a50396ae0734bc7)] -> xpath:     //*[@id=\"maincontent\"]/div[2]/div[2]/div/div/div\n]\nSession ID: 9d4305996317bd798a50396ae0734bc7","time":{"start":1735895057753,"stop":1735895064443,"duration":6690}},{"uid":"c24a5739c12d910b","reportUrl":"https://seefaBanu.github.io/ui-api-testing/23//#testresult/c24a5739c12d910b","status":"passed","time":{"start":1735892040202,"stop":1735892048622,"duration":8420}},{"uid":"e57db07494dfc195","reportUrl":"https://seefaBanu.github.io/ui-api-testing/22//#testresult/e57db07494dfc195","status":"passed","time":{"start":1735892013112,"stop":1735892021952,"duration":8840}}]},"tags":["compare"]},"source":"69c2a86ee8d7fa1b.json","parameterValues":[]}