{"uid":"3bb66192be2eebd4","name":"Add a product to the wish list","fullName":"src/test/resources/features/add_to_wish_list.feature:7","historyId":"47f53b0df98fab1b5ccaacf7b570c5e1","time":{"start":1735922147061,"stop":1735922152031,"duration":4970},"description":"  As a user\n  I want to add products to the wish list\n  So that I can purchase them later","descriptionHtml":"<p>As a user<br />\nI want to add products to the wish list<br />\nSo that I can purchase them later</p>\n","status":"broken","statusMessage":"element click intercepted: Element <button type=\"submit\" title=\"Search\" class=\"action search\" aria-label=\"Search\">...</button> is not clickable at point (962, 131). Other element would receive the click: <div class=\"header content\">...</div>\n  (Session info: chrome=131.0.6778.139)\nBuild info: version: '4.27.0', revision: 'd6e718d134'\nSystem info: os.name: 'Linux', os.arch: 'amd64', os.version: '6.5.0-1025-azure', java.version: '19.0.2'\nDriver info: org.openqa.selenium.chrome.ChromeDriver\nCommand: [9c6d3e8c6e5b742992e9a738397be371, clickElement {id=f.A64AC6017C8A0B5BA1F21FBFDAE4ECB8.d.DC86292318BB0B8F2FFDA52C2D0E283C.e.137}]\nCapabilities {acceptInsecureCerts: false, browserName: chrome, browserVersion: 131.0.6778.139, chrome: {chromedriverVersion: 131.0.6778.108 (3b014839fbc..., userDataDir: /tmp/.org.chromium.Chromium...}, fedcm:accounts: true, goog:chromeOptions: {debuggerAddress: localhost:44985}, networkConnectionEnabled: false, pageLoadStrategy: normal, platformName: linux, proxy: Proxy(), se:cdp: ws://localhost:44985/devtoo..., se:cdpVersion: 131.0.6778.139, setWindowRect: true, strictFileInteractability: false, timeouts: {implicit: 0, pageLoad: 300000, script: 30000}, unhandledPromptBehavior: dismiss and notify, webauthn:extension:credBlob: true, webauthn:extension:largeBlob: true, webauthn:extension:minPinLength: true, webauthn:extension:prf: true, webauthn:virtualAuthenticators: true}\nElement: [[ChromeDriver: chrome on linux (9c6d3e8c6e5b742992e9a738397be371)] -> xpath: //button[@type='submit']]\nSession ID: 9c6d3e8c6e5b742992e9a738397be371","statusTrace":"org.openqa.selenium.ElementClickInterceptedException: element click intercepted: Element <button type=\"submit\" title=\"Search\" class=\"action search\" aria-label=\"Search\">...</button> is not clickable at point (962, 131). Other element would receive the click: <div class=\"header content\">...</div>\n  (Session info: chrome=131.0.6778.139)\nBuild info: version: '4.27.0', revision: 'd6e718d134'\nSystem info: os.name: 'Linux', os.arch: 'amd64', os.version: '6.5.0-1025-azure', java.version: '19.0.2'\nDriver info: org.openqa.selenium.chrome.ChromeDriver\nCommand: [9c6d3e8c6e5b742992e9a738397be371, clickElement {id=f.A64AC6017C8A0B5BA1F21FBFDAE4ECB8.d.DC86292318BB0B8F2FFDA52C2D0E283C.e.137}]\nCapabilities {acceptInsecureCerts: false, browserName: chrome, browserVersion: 131.0.6778.139, chrome: {chromedriverVersion: 131.0.6778.108 (3b014839fbc..., userDataDir: /tmp/.org.chromium.Chromium...}, fedcm:accounts: true, goog:chromeOptions: {debuggerAddress: localhost:44985}, networkConnectionEnabled: false, pageLoadStrategy: normal, platformName: linux, proxy: Proxy(), se:cdp: ws://localhost:44985/devtoo..., se:cdpVersion: 131.0.6778.139, setWindowRect: true, strictFileInteractability: false, timeouts: {implicit: 0, pageLoad: 300000, script: 30000}, unhandledPromptBehavior: dismiss and notify, webauthn:extension:credBlob: true, webauthn:extension:largeBlob: true, webauthn:extension:minPinLength: true, webauthn:extension:prf: true, webauthn:virtualAuthenticators: true}\nElement: [[ChromeDriver: chrome on linux (9c6d3e8c6e5b742992e9a738397be371)] -> xpath: //button[@type='submit']]\nSession ID: 9c6d3e8c6e5b742992e9a738397be371\n\tat java.base/jdk.internal.reflect.DirectConstructorHandleAccessor.newInstance(DirectConstructorHandleAccessor.java:67)\n\tat java.base/java.lang.reflect.Constructor.newInstanceWithCaller(Constructor.java:500)\n\tat java.base/java.lang.reflect.Constructor.newInstance(Constructor.java:484)\n\tat org.openqa.selenium.remote.ErrorCodec.decode(ErrorCodec.java:167)\n\tat org.openqa.selenium.remote.codec.w3c.W3CHttpResponseCodec.decode(W3CHttpResponseCodec.java:138)\n\tat org.openqa.selenium.remote.codec.w3c.W3CHttpResponseCodec.decode(W3CHttpResponseCodec.java:50)\n\tat org.openqa.selenium.remote.HttpCommandExecutor.execute(HttpCommandExecutor.java:190)\n\tat org.openqa.selenium.remote.service.DriverCommandExecutor.invokeExecute(DriverCommandExecutor.java:216)\n\tat org.openqa.selenium.remote.service.DriverCommandExecutor.execute(DriverCommandExecutor.java:174)\n\tat org.openqa.selenium.remote.RemoteWebDriver.execute(RemoteWebDriver.java:545)\n\tat org.openqa.selenium.remote.RemoteWebElement.execute(RemoteWebElement.java:223)\n\tat org.openqa.selenium.remote.RemoteWebElement.click(RemoteWebElement.java:76)\n\tat com.itqa.pages.HomePage.searchProduct(HomePage.java:40)\n\tat stepdefinitions.CartSteps.iSearchFor(CartSteps.java:34)\n\tat ✽.I search for \"T-Shirt\"(file:///home/runner/work/ui-api-testing/ui-api-testing/ui-testing/src/test/resources/features/add_to_wish_list.feature:10)\n","flaky":false,"newFailed":false,"newBroken":true,"newPassed":false,"retriesCount":0,"retriesStatusChange":false,"beforeStages":[{"name":"stepdefinitions.Hooks.setUp()","time":{"start":1735922147061,"stop":1735922147546,"duration":485},"status":"passed","steps":[],"attachments":[],"parameters":[],"shouldDisplayMessage":false,"stepsCount":0,"attachmentsCount":0,"hasContent":false}],"testStage":{"description":"  As a user\n  I want to add products to the wish list\n  So that I can purchase them later","status":"broken","statusMessage":"element click intercepted: Element <button type=\"submit\" title=\"Search\" class=\"action search\" aria-label=\"Search\">...</button> is not clickable at point (962, 131). Other element would receive the click: <div class=\"header content\">...</div>\n  (Session info: chrome=131.0.6778.139)\nBuild info: version: '4.27.0', revision: 'd6e718d134'\nSystem info: os.name: 'Linux', os.arch: 'amd64', os.version: '6.5.0-1025-azure', java.version: '19.0.2'\nDriver info: org.openqa.selenium.chrome.ChromeDriver\nCommand: [9c6d3e8c6e5b742992e9a738397be371, clickElement {id=f.A64AC6017C8A0B5BA1F21FBFDAE4ECB8.d.DC86292318BB0B8F2FFDA52C2D0E283C.e.137}]\nCapabilities {acceptInsecureCerts: false, browserName: chrome, browserVersion: 131.0.6778.139, chrome: {chromedriverVersion: 131.0.6778.108 (3b014839fbc..., userDataDir: /tmp/.org.chromium.Chromium...}, fedcm:accounts: true, goog:chromeOptions: {debuggerAddress: localhost:44985}, networkConnectionEnabled: false, pageLoadStrategy: normal, platformName: linux, proxy: Proxy(), se:cdp: ws://localhost:44985/devtoo..., se:cdpVersion: 131.0.6778.139, setWindowRect: true, strictFileInteractability: false, timeouts: {implicit: 0, pageLoad: 300000, script: 30000}, unhandledPromptBehavior: dismiss and notify, webauthn:extension:credBlob: true, webauthn:extension:largeBlob: true, webauthn:extension:minPinLength: true, webauthn:extension:prf: true, webauthn:virtualAuthenticators: true}\nElement: [[ChromeDriver: chrome on linux (9c6d3e8c6e5b742992e9a738397be371)] -> xpath: //button[@type='submit']]\nSession ID: 9c6d3e8c6e5b742992e9a738397be371","statusTrace":"org.openqa.selenium.ElementClickInterceptedException: element click intercepted: Element <button type=\"submit\" title=\"Search\" class=\"action search\" aria-label=\"Search\">...</button> is not clickable at point (962, 131). Other element would receive the click: <div class=\"header content\">...</div>\n  (Session info: chrome=131.0.6778.139)\nBuild info: version: '4.27.0', revision: 'd6e718d134'\nSystem info: os.name: 'Linux', os.arch: 'amd64', os.version: '6.5.0-1025-azure', java.version: '19.0.2'\nDriver info: org.openqa.selenium.chrome.ChromeDriver\nCommand: [9c6d3e8c6e5b742992e9a738397be371, clickElement {id=f.A64AC6017C8A0B5BA1F21FBFDAE4ECB8.d.DC86292318BB0B8F2FFDA52C2D0E283C.e.137}]\nCapabilities {acceptInsecureCerts: false, browserName: chrome, browserVersion: 131.0.6778.139, chrome: {chromedriverVersion: 131.0.6778.108 (3b014839fbc..., userDataDir: /tmp/.org.chromium.Chromium...}, fedcm:accounts: true, goog:chromeOptions: {debuggerAddress: localhost:44985}, networkConnectionEnabled: false, pageLoadStrategy: normal, platformName: linux, proxy: Proxy(), se:cdp: ws://localhost:44985/devtoo..., se:cdpVersion: 131.0.6778.139, setWindowRect: true, strictFileInteractability: false, timeouts: {implicit: 0, pageLoad: 300000, script: 30000}, unhandledPromptBehavior: dismiss and notify, webauthn:extension:credBlob: true, webauthn:extension:largeBlob: true, webauthn:extension:minPinLength: true, webauthn:extension:prf: true, webauthn:virtualAuthenticators: true}\nElement: [[ChromeDriver: chrome on linux (9c6d3e8c6e5b742992e9a738397be371)] -> xpath: //button[@type='submit']]\nSession ID: 9c6d3e8c6e5b742992e9a738397be371\n\tat java.base/jdk.internal.reflect.DirectConstructorHandleAccessor.newInstance(DirectConstructorHandleAccessor.java:67)\n\tat java.base/java.lang.reflect.Constructor.newInstanceWithCaller(Constructor.java:500)\n\tat java.base/java.lang.reflect.Constructor.newInstance(Constructor.java:484)\n\tat org.openqa.selenium.remote.ErrorCodec.decode(ErrorCodec.java:167)\n\tat org.openqa.selenium.remote.codec.w3c.W3CHttpResponseCodec.decode(W3CHttpResponseCodec.java:138)\n\tat org.openqa.selenium.remote.codec.w3c.W3CHttpResponseCodec.decode(W3CHttpResponseCodec.java:50)\n\tat org.openqa.selenium.remote.HttpCommandExecutor.execute(HttpCommandExecutor.java:190)\n\tat org.openqa.selenium.remote.service.DriverCommandExecutor.invokeExecute(DriverCommandExecutor.java:216)\n\tat org.openqa.selenium.remote.service.DriverCommandExecutor.execute(DriverCommandExecutor.java:174)\n\tat org.openqa.selenium.remote.RemoteWebDriver.execute(RemoteWebDriver.java:545)\n\tat org.openqa.selenium.remote.RemoteWebElement.execute(RemoteWebElement.java:223)\n\tat org.openqa.selenium.remote.RemoteWebElement.click(RemoteWebElement.java:76)\n\tat com.itqa.pages.HomePage.searchProduct(HomePage.java:40)\n\tat stepdefinitions.CartSteps.iSearchFor(CartSteps.java:34)\n\tat ✽.I search for \"T-Shirt\"(file:///home/runner/work/ui-api-testing/ui-api-testing/ui-testing/src/test/resources/features/add_to_wish_list.feature:10)\n","steps":[{"name":"Given  User is on the login page","time":{"start":1735922147546,"stop":1735922149413,"duration":1867},"status":"passed","steps":[],"attachments":[],"parameters":[],"shouldDisplayMessage":false,"stepsCount":0,"attachmentsCount":0,"hasContent":false},{"name":"And  User logs in with username and password","time":{"start":1735922149413,"stop":1735922150788,"duration":1375},"status":"passed","steps":[],"attachments":[],"parameters":[],"shouldDisplayMessage":false,"stepsCount":0,"attachmentsCount":0,"hasContent":false},{"name":"When  I search for \"T-Shirt\"","time":{"start":1735922150788,"stop":1735922151943,"duration":1155},"status":"broken","statusMessage":"element click intercepted: Element <button type=\"submit\" title=\"Search\" class=\"action search\" aria-label=\"Search\">...</button> is not clickable at point (962, 131). Other element would receive the click: <div class=\"header content\">...</div>\n  (Session info: chrome=131.0.6778.139)\nBuild info: version: '4.27.0', revision: 'd6e718d134'\nSystem info: os.name: 'Linux', os.arch: 'amd64', os.version: '6.5.0-1025-azure', java.version: '19.0.2'\nDriver info: org.openqa.selenium.chrome.ChromeDriver\nCommand: [9c6d3e8c6e5b742992e9a738397be371, clickElement {id=f.A64AC6017C8A0B5BA1F21FBFDAE4ECB8.d.DC86292318BB0B8F2FFDA52C2D0E283C.e.137}]\nCapabilities {acceptInsecureCerts: false, browserName: chrome, browserVersion: 131.0.6778.139, chrome: {chromedriverVersion: 131.0.6778.108 (3b014839fbc..., userDataDir: /tmp/.org.chromium.Chromium...}, fedcm:accounts: true, goog:chromeOptions: {debuggerAddress: localhost:44985}, networkConnectionEnabled: false, pageLoadStrategy: normal, platformName: linux, proxy: Proxy(), se:cdp: ws://localhost:44985/devtoo..., se:cdpVersion: 131.0.6778.139, setWindowRect: true, strictFileInteractability: false, timeouts: {implicit: 0, pageLoad: 300000, script: 30000}, unhandledPromptBehavior: dismiss and notify, webauthn:extension:credBlob: true, webauthn:extension:largeBlob: true, webauthn:extension:minPinLength: true, webauthn:extension:prf: true, webauthn:virtualAuthenticators: true}\nElement: [[ChromeDriver: chrome on linux (9c6d3e8c6e5b742992e9a738397be371)] -> xpath: //button[@type='submit']]\nSession ID: 9c6d3e8c6e5b742992e9a738397be371","statusTrace":"org.openqa.selenium.ElementClickInterceptedException: element click intercepted: Element <button type=\"submit\" title=\"Search\" class=\"action search\" aria-label=\"Search\">...</button> is not clickable at point (962, 131). Other element would receive the click: <div class=\"header content\">...</div>\n  (Session info: chrome=131.0.6778.139)\nBuild info: version: '4.27.0', revision: 'd6e718d134'\nSystem info: os.name: 'Linux', os.arch: 'amd64', os.version: '6.5.0-1025-azure', java.version: '19.0.2'\nDriver info: org.openqa.selenium.chrome.ChromeDriver\nCommand: [9c6d3e8c6e5b742992e9a738397be371, clickElement {id=f.A64AC6017C8A0B5BA1F21FBFDAE4ECB8.d.DC86292318BB0B8F2FFDA52C2D0E283C.e.137}]\nCapabilities {acceptInsecureCerts: false, browserName: chrome, browserVersion: 131.0.6778.139, chrome: {chromedriverVersion: 131.0.6778.108 (3b014839fbc..., userDataDir: /tmp/.org.chromium.Chromium...}, fedcm:accounts: true, goog:chromeOptions: {debuggerAddress: localhost:44985}, networkConnectionEnabled: false, pageLoadStrategy: normal, platformName: linux, proxy: Proxy(), se:cdp: ws://localhost:44985/devtoo..., se:cdpVersion: 131.0.6778.139, setWindowRect: true, strictFileInteractability: false, timeouts: {implicit: 0, pageLoad: 300000, script: 30000}, unhandledPromptBehavior: dismiss and notify, webauthn:extension:credBlob: true, webauthn:extension:largeBlob: true, webauthn:extension:minPinLength: true, webauthn:extension:prf: true, webauthn:virtualAuthenticators: true}\nElement: [[ChromeDriver: chrome on linux (9c6d3e8c6e5b742992e9a738397be371)] -> xpath: //button[@type='submit']]\nSession ID: 9c6d3e8c6e5b742992e9a738397be371\n\tat java.base/jdk.internal.reflect.DirectConstructorHandleAccessor.newInstance(DirectConstructorHandleAccessor.java:67)\n\tat java.base/java.lang.reflect.Constructor.newInstanceWithCaller(Constructor.java:500)\n\tat java.base/java.lang.reflect.Constructor.newInstance(Constructor.java:484)\n\tat org.openqa.selenium.remote.ErrorCodec.decode(ErrorCodec.java:167)\n\tat org.openqa.selenium.remote.codec.w3c.W3CHttpResponseCodec.decode(W3CHttpResponseCodec.java:138)\n\tat org.openqa.selenium.remote.codec.w3c.W3CHttpResponseCodec.decode(W3CHttpResponseCodec.java:50)\n\tat org.openqa.selenium.remote.HttpCommandExecutor.execute(HttpCommandExecutor.java:190)\n\tat org.openqa.selenium.remote.service.DriverCommandExecutor.invokeExecute(DriverCommandExecutor.java:216)\n\tat org.openqa.selenium.remote.service.DriverCommandExecutor.execute(DriverCommandExecutor.java:174)\n\tat org.openqa.selenium.remote.RemoteWebDriver.execute(RemoteWebDriver.java:545)\n\tat org.openqa.selenium.remote.RemoteWebElement.execute(RemoteWebElement.java:223)\n\tat org.openqa.selenium.remote.RemoteWebElement.click(RemoteWebElement.java:76)\n\tat com.itqa.pages.HomePage.searchProduct(HomePage.java:40)\n\tat stepdefinitions.CartSteps.iSearchFor(CartSteps.java:34)\n\tat ✽.I search for \"T-Shirt\"(file:///home/runner/work/ui-api-testing/ui-api-testing/ui-testing/src/test/resources/features/add_to_wish_list.feature:10)\n","steps":[],"attachments":[],"parameters":[],"shouldDisplayMessage":true,"stepsCount":0,"attachmentsCount":0,"hasContent":true},{"name":"And  I select the second product","time":{"start":1735922151944,"stop":1735922151944,"duration":0},"status":"skipped","steps":[],"attachments":[],"parameters":[],"shouldDisplayMessage":false,"stepsCount":0,"attachmentsCount":0,"hasContent":false},{"name":"And  I click the Add to Wish List","time":{"start":1735922151944,"stop":1735922151944,"duration":0},"status":"skipped","steps":[],"attachments":[],"parameters":[],"shouldDisplayMessage":false,"stepsCount":0,"attachmentsCount":0,"hasContent":false},{"name":"Then  A success message should be \"Radiant Tee has been added to your Wish List. Click here to continue shopping.\"","time":{"start":1735922151944,"stop":1735922151944,"duration":0},"status":"skipped","steps":[],"attachments":[],"parameters":[],"shouldDisplayMessage":false,"stepsCount":0,"attachmentsCount":0,"hasContent":false}],"attachments":[],"parameters":[],"shouldDisplayMessage":false,"stepsCount":6,"attachmentsCount":0,"hasContent":true},"afterStages":[{"name":"stepdefinitions.Hooks.tearDown()","time":{"start":1735922151945,"stop":1735922152031,"duration":86},"status":"passed","steps":[],"attachments":[],"parameters":[],"shouldDisplayMessage":false,"stepsCount":0,"attachmentsCount":0,"hasContent":false}],"labels":[{"name":"tag","value":"AddToWishlist"},{"name":"host","value":"fv-az801-883"},{"name":"thread","value":"2866@fv-az801-883.main(1)"},{"name":"feature","value":"Add product to wish list"},{"name":"story","value":"Add a product to the wish list"},{"name":"suite","value":"Add product to wish list"},{"name":"testClass","value":"Add a product to the wish list"},{"name":"framework","value":"cucumber4jvm"},{"name":"language","value":"java"},{"name":"gherkin_uri","value":"file:///home/runner/work/ui-api-testing/ui-api-testing/ui-testing/src/test/resources/features/add_to_wish_list.feature"},{"name":"package","value":"src.test.resources.features.add_to_wish_list_feature.Add product to wish list"},{"name":"resultFormat","value":"allure2"}],"parameters":[],"links":[],"hidden":false,"retry":false,"extra":{"severity":"normal","retries":[],"categories":[{"name":"Test defects","matchedStatuses":[],"flaky":false}],"history":{"statistic":{"failed":0,"broken":4,"skipped":0,"passed":11,"unknown":0,"total":15},"items":[{"uid":"a50ca3974a141c73","reportUrl":"https://seefaBanu.github.io/ui-api-testing/30//#testresult/a50ca3974a141c73","status":"passed","time":{"start":1735921903510,"stop":1735921910916,"duration":7406}},{"uid":"1e1299548c65fcd1","reportUrl":"https://seefaBanu.github.io/ui-api-testing/29//#testresult/1e1299548c65fcd1","status":"broken","statusDetails":"stale element reference: stale element not found in the current frame\n  (Session info: chrome=131.0.6778.139)\nFor documentation on this error, please visit: https://www.selenium.dev/documentation/webdriver/troubleshooting/errors#stale-element-reference-exception\nBuild info: version: '4.27.0', revision: 'd6e718d134'\nSystem info: os.name: 'Linux', os.arch: 'amd64', os.version: '6.5.0-1025-azure', java.version: '19.0.2'\nDriver info: org.openqa.selenium.chrome.ChromeDriver\nCommand: [41a2205587b1058cfbfe27b813e03c30, getElementText {id=f.6E28FF24A06D7752DF0741AF9DCE2857.d.811C4846E6F1D60907F8A1923234518A.e.413}]\nCapabilities {acceptInsecureCerts: false, browserName: chrome, browserVersion: 131.0.6778.139, chrome: {chromedriverVersion: 131.0.6778.108 (3b014839fbc..., userDataDir: /tmp/.org.chromium.Chromium...}, fedcm:accounts: true, goog:chromeOptions: {debuggerAddress: localhost:44265}, networkConnectionEnabled: false, pageLoadStrategy: normal, platformName: linux, proxy: Proxy(), se:cdp: ws://localhost:44265/devtoo..., se:cdpVersion: 131.0.6778.139, setWindowRect: true, strictFileInteractability: false, timeouts: {implicit: 0, pageLoad: 300000, script: 30000}, unhandledPromptBehavior: dismiss and notify, webauthn:extension:credBlob: true, webauthn:extension:largeBlob: true, webauthn:extension:minPinLength: true, webauthn:extension:prf: true, webauthn:virtualAuthenticators: true}\nElement: [[ChromeDriver: chrome on linux (41a2205587b1058cfbfe27b813e03c30)] -> xpath: //*[@id=\"maincontent\"]/div[1]/div[2]/div/div/div]\nSession ID: 41a2205587b1058cfbfe27b813e03c30","time":{"start":1735919320600,"stop":1735919328560,"duration":7960}},{"uid":"ea9f217845462d6b","reportUrl":"https://seefaBanu.github.io/ui-api-testing/28//#testresult/ea9f217845462d6b","status":"passed","time":{"start":1735911800053,"stop":1735911808071,"duration":8018}},{"uid":"3fe37cf94f9ce6c5","reportUrl":"https://seefaBanu.github.io/ui-api-testing/27//#testresult/3fe37cf94f9ce6c5","status":"broken","statusDetails":"java.util.concurrent.TimeoutException\nBuild info: version: '4.27.0', revision: 'd6e718d134'\nSystem info: os.name: 'Linux', os.arch: 'amd64', os.version: '6.5.0-1025-azure', java.version: '19.0.2'\nDriver info: org.openqa.selenium.chrome.ChromeDriver\nCommand: [03a6ed5a0d958b3132b98686f2862f8f, get {url=https://magento.softwaretestingboard.com/}]\nCapabilities {acceptInsecureCerts: false, browserName: chrome, browserVersion: 131.0.6778.139, chrome: {chromedriverVersion: 131.0.6778.108 (3b014839fbc..., userDataDir: /tmp/.org.chromium.Chromium...}, fedcm:accounts: true, goog:chromeOptions: {debuggerAddress: localhost:45905}, networkConnectionEnabled: false, pageLoadStrategy: normal, platformName: linux, proxy: Proxy(), se:cdp: ws://localhost:45905/devtoo..., se:cdpVersion: 131.0.6778.139, setWindowRect: true, strictFileInteractability: false, timeouts: {implicit: 0, pageLoad: 300000, script: 30000}, unhandledPromptBehavior: dismiss and notify, webauthn:extension:credBlob: true, webauthn:extension:largeBlob: true, webauthn:extension:minPinLength: true, webauthn:extension:prf: true, webauthn:virtualAuthenticators: true}\nSession ID: 03a6ed5a0d958b3132b98686f2862f8f","time":{"start":1735908557044,"stop":1735908778485,"duration":221441}},{"uid":"efd97552cdbaf730","reportUrl":"https://seefaBanu.github.io/ui-api-testing/26//#testresult/efd97552cdbaf730","status":"passed","time":{"start":1735908497053,"stop":1735908505093,"duration":8040}},{"uid":"106aa1e244bb94b7","reportUrl":"https://seefaBanu.github.io/ui-api-testing/25//#testresult/106aa1e244bb94b7","status":"passed","time":{"start":1735908459707,"stop":1735908467023,"duration":7316}},{"uid":"d7f554ff4f76e4d8","reportUrl":"https://seefaBanu.github.io/ui-api-testing/24//#testresult/d7f554ff4f76e4d8","status":"passed","time":{"start":1735895082710,"stop":1735895090485,"duration":7775}},{"uid":"b9d14a9d805c6a74","reportUrl":"https://seefaBanu.github.io/ui-api-testing/23//#testresult/b9d14a9d805c6a74","status":"passed","time":{"start":1735892056215,"stop":1735892063725,"duration":7510}},{"uid":"7a759e7c41319633","reportUrl":"https://seefaBanu.github.io/ui-api-testing/22//#testresult/7a759e7c41319633","status":"passed","time":{"start":1735892032164,"stop":1735892040150,"duration":7986}},{"uid":"503e57c6d5006e89","reportUrl":"https://seefaBanu.github.io/ui-api-testing/21//#testresult/503e57c6d5006e89","status":"broken","statusDetails":"stale element reference: stale element not found in the current frame\n  (Session info: chrome=131.0.6778.139)\nFor documentation on this error, please visit: https://www.selenium.dev/documentation/webdriver/troubleshooting/errors#stale-element-reference-exception\nBuild info: version: '4.27.0', revision: 'd6e718d134'\nSystem info: os.name: 'Linux', os.arch: 'amd64', os.version: '6.5.0-1025-azure', java.version: '19.0.2'\nDriver info: org.openqa.selenium.chrome.ChromeDriver\nCommand: [e1ddf9e7634eff059c32afd951c5b8d1, getElementText {id=f.512CE80D4C6DB078706A344C66700700.d.BAA74834C82D03C8843DFE89006CFAF7.e.419}]\nCapabilities {acceptInsecureCerts: false, browserName: chrome, browserVersion: 131.0.6778.139, chrome: {chromedriverVersion: 131.0.6778.108 (3b014839fbc..., userDataDir: /tmp/.org.chromium.Chromium...}, fedcm:accounts: true, goog:chromeOptions: {debuggerAddress: localhost:34383}, networkConnectionEnabled: false, pageLoadStrategy: normal, platformName: linux, proxy: Proxy(), se:cdp: ws://localhost:34383/devtoo..., se:cdpVersion: 131.0.6778.139, setWindowRect: true, strictFileInteractability: false, timeouts: {implicit: 0, pageLoad: 300000, script: 30000}, unhandledPromptBehavior: dismiss and notify, webauthn:extension:credBlob: true, webauthn:extension:largeBlob: true, webauthn:extension:minPinLength: true, webauthn:extension:prf: true, webauthn:virtualAuthenticators: true}\nElement: [[ChromeDriver: chrome on linux (e1ddf9e7634eff059c32afd951c5b8d1)] -> xpath: //*[@id=\"maincontent\"]/div[1]/div[2]/div/div/div]\nSession ID: e1ddf9e7634eff059c32afd951c5b8d1","time":{"start":1735860342482,"stop":1735860350524,"duration":8042}},{"uid":"2eb9771a3d214182","reportUrl":"https://seefaBanu.github.io/ui-api-testing/20//#testresult/2eb9771a3d214182","status":"passed","time":{"start":1735859719026,"stop":1735859726852,"duration":7826}},{"uid":"a38d21723a1102eb","reportUrl":"https://seefaBanu.github.io/ui-api-testing/19//#testresult/a38d21723a1102eb","status":"passed","time":{"start":1735859484586,"stop":1735859492333,"duration":7747}},{"uid":"13453a3d25d8e092","reportUrl":"https://seefaBanu.github.io/ui-api-testing/18//#testresult/13453a3d25d8e092","status":"passed","time":{"start":1735855466852,"stop":1735855474547,"duration":7695}},{"uid":"b1547e41352bbf5","reportUrl":"https://seefaBanu.github.io/ui-api-testing/8//#testresult/b1547e41352bbf5","status":"passed","time":{"start":1735838464875,"stop":1735838473431,"duration":8556}}]},"tags":["AddToWishlist"]},"source":"3bb66192be2eebd4.json","parameterValues":[]}