{"uid":"934f292f0e17f462","name":"User adds a new address","fullName":"src/test/resources/features/new_address.feature:7","historyId":"f185789a42d72d00abcea629238c8aa3","time":{"start":1735919454521,"stop":1735919463416,"duration":8895},"description":"  As a user\n  I want to add a new address\n  So that I can use them later","descriptionHtml":"<p>As a user<br />\nI want to add a new address<br />\nSo that I can use them later</p>\n","status":"broken","statusMessage":"stale element reference: stale element not found in the current frame\n  (Session info: chrome=131.0.6778.139)\nFor documentation on this error, please visit: https://www.selenium.dev/documentation/webdriver/troubleshooting/errors#stale-element-reference-exception\nBuild info: version: '4.27.0', revision: 'd6e718d134'\nSystem info: os.name: 'Linux', os.arch: 'amd64', os.version: '6.5.0-1025-azure', java.version: '19.0.2'\nDriver info: org.openqa.selenium.chrome.ChromeDriver\nCommand: [793e6a568524ed1c9293e629dac8ff74, getElementText {id=f.345F89A880EF33FBD2B51D8F80839E46.d.234EF32EFE16EFAD1B85A956E918A96D.e.322}]\nCapabilities {acceptInsecureCerts: false, browserName: chrome, browserVersion: 131.0.6778.139, chrome: {chromedriverVersion: 131.0.6778.108 (3b014839fbc..., userDataDir: /tmp/.org.chromium.Chromium...}, fedcm:accounts: true, goog:chromeOptions: {debuggerAddress: localhost:42353}, networkConnectionEnabled: false, pageLoadStrategy: normal, platformName: linux, proxy: Proxy(), se:cdp: ws://localhost:42353/devtoo..., se:cdpVersion: 131.0.6778.139, setWindowRect: true, strictFileInteractability: false, timeouts: {implicit: 0, pageLoad: 300000, script: 30000}, unhandledPromptBehavior: dismiss and notify, webauthn:extension:credBlob: true, webauthn:extension:largeBlob: true, webauthn:extension:minPinLength: true, webauthn:extension:prf: true, webauthn:virtualAuthenticators: true}\nElement: [[ChromeDriver: chrome on linux (793e6a568524ed1c9293e629dac8ff74)] -> xpath: //*[@id=\"maincontent\"]/div[1]/div[2]/div/div/div]\nSession ID: 793e6a568524ed1c9293e629dac8ff74","statusTrace":"org.openqa.selenium.StaleElementReferenceException: stale element reference: stale element not found in the current frame\n  (Session info: chrome=131.0.6778.139)\nFor documentation on this error, please visit: https://www.selenium.dev/documentation/webdriver/troubleshooting/errors#stale-element-reference-exception\nBuild info: version: '4.27.0', revision: 'd6e718d134'\nSystem info: os.name: 'Linux', os.arch: 'amd64', os.version: '6.5.0-1025-azure', java.version: '19.0.2'\nDriver info: org.openqa.selenium.chrome.ChromeDriver\nCommand: [793e6a568524ed1c9293e629dac8ff74, getElementText {id=f.345F89A880EF33FBD2B51D8F80839E46.d.234EF32EFE16EFAD1B85A956E918A96D.e.322}]\nCapabilities {acceptInsecureCerts: false, browserName: chrome, browserVersion: 131.0.6778.139, chrome: {chromedriverVersion: 131.0.6778.108 (3b014839fbc..., userDataDir: /tmp/.org.chromium.Chromium...}, fedcm:accounts: true, goog:chromeOptions: {debuggerAddress: localhost:42353}, networkConnectionEnabled: false, pageLoadStrategy: normal, platformName: linux, proxy: Proxy(), se:cdp: ws://localhost:42353/devtoo..., se:cdpVersion: 131.0.6778.139, setWindowRect: true, strictFileInteractability: false, timeouts: {implicit: 0, pageLoad: 300000, script: 30000}, unhandledPromptBehavior: dismiss and notify, webauthn:extension:credBlob: true, webauthn:extension:largeBlob: true, webauthn:extension:minPinLength: true, webauthn:extension:prf: true, webauthn:virtualAuthenticators: true}\nElement: [[ChromeDriver: chrome on linux (793e6a568524ed1c9293e629dac8ff74)] -> xpath: //*[@id=\"maincontent\"]/div[1]/div[2]/div/div/div]\nSession ID: 793e6a568524ed1c9293e629dac8ff74\n\tat java.base/jdk.internal.reflect.DirectConstructorHandleAccessor.newInstance(DirectConstructorHandleAccessor.java:67)\n\tat java.base/java.lang.reflect.Constructor.newInstanceWithCaller(Constructor.java:500)\n\tat java.base/java.lang.reflect.Constructor.newInstance(Constructor.java:484)\n\tat org.openqa.selenium.remote.ErrorCodec.decode(ErrorCodec.java:167)\n\tat org.openqa.selenium.remote.codec.w3c.W3CHttpResponseCodec.decode(W3CHttpResponseCodec.java:138)\n\tat org.openqa.selenium.remote.codec.w3c.W3CHttpResponseCodec.decode(W3CHttpResponseCodec.java:50)\n\tat org.openqa.selenium.remote.HttpCommandExecutor.execute(HttpCommandExecutor.java:190)\n\tat org.openqa.selenium.remote.service.DriverCommandExecutor.invokeExecute(DriverCommandExecutor.java:216)\n\tat org.openqa.selenium.remote.service.DriverCommandExecutor.execute(DriverCommandExecutor.java:174)\n\tat org.openqa.selenium.remote.RemoteWebDriver.execute(RemoteWebDriver.java:545)\n\tat org.openqa.selenium.remote.RemoteWebElement.execute(RemoteWebElement.java:223)\n\tat org.openqa.selenium.remote.RemoteWebElement.getText(RemoteWebElement.java:191)\n\tat com.itqa.pages.AddressBookPage.getSuccessMessage(AddressBookPage.java:30)\n\tat stepdefinitions.NewAddressSteps.iShouldSeeTheSuccessMessage(NewAddressSteps.java:64)\n\tat ✽.The success message should be \"You saved the address.\"(file:///home/runner/work/ui-api-testing/ui-api-testing/ui-testing/src/test/resources/features/new_address.feature:26)\n","flaky":false,"newFailed":false,"newBroken":true,"newPassed":false,"retriesCount":0,"retriesStatusChange":false,"beforeStages":[{"name":"stepdefinitions.Hooks.setUp()","time":{"start":1735919454521,"stop":1735919454998,"duration":477},"status":"passed","steps":[],"attachments":[],"parameters":[],"shouldDisplayMessage":false,"stepsCount":0,"attachmentsCount":0,"hasContent":false}],"testStage":{"description":"  As a user\n  I want to add a new address\n  So that I can use them later","status":"broken","statusMessage":"stale element reference: stale element not found in the current frame\n  (Session info: chrome=131.0.6778.139)\nFor documentation on this error, please visit: https://www.selenium.dev/documentation/webdriver/troubleshooting/errors#stale-element-reference-exception\nBuild info: version: '4.27.0', revision: 'd6e718d134'\nSystem info: os.name: 'Linux', os.arch: 'amd64', os.version: '6.5.0-1025-azure', java.version: '19.0.2'\nDriver info: org.openqa.selenium.chrome.ChromeDriver\nCommand: [793e6a568524ed1c9293e629dac8ff74, getElementText {id=f.345F89A880EF33FBD2B51D8F80839E46.d.234EF32EFE16EFAD1B85A956E918A96D.e.322}]\nCapabilities {acceptInsecureCerts: false, browserName: chrome, browserVersion: 131.0.6778.139, chrome: {chromedriverVersion: 131.0.6778.108 (3b014839fbc..., userDataDir: /tmp/.org.chromium.Chromium...}, fedcm:accounts: true, goog:chromeOptions: {debuggerAddress: localhost:42353}, networkConnectionEnabled: false, pageLoadStrategy: normal, platformName: linux, proxy: Proxy(), se:cdp: ws://localhost:42353/devtoo..., se:cdpVersion: 131.0.6778.139, setWindowRect: true, strictFileInteractability: false, timeouts: {implicit: 0, pageLoad: 300000, script: 30000}, unhandledPromptBehavior: dismiss and notify, webauthn:extension:credBlob: true, webauthn:extension:largeBlob: true, webauthn:extension:minPinLength: true, webauthn:extension:prf: true, webauthn:virtualAuthenticators: true}\nElement: [[ChromeDriver: chrome on linux (793e6a568524ed1c9293e629dac8ff74)] -> xpath: //*[@id=\"maincontent\"]/div[1]/div[2]/div/div/div]\nSession ID: 793e6a568524ed1c9293e629dac8ff74","statusTrace":"org.openqa.selenium.StaleElementReferenceException: stale element reference: stale element not found in the current frame\n  (Session info: chrome=131.0.6778.139)\nFor documentation on this error, please visit: https://www.selenium.dev/documentation/webdriver/troubleshooting/errors#stale-element-reference-exception\nBuild info: version: '4.27.0', revision: 'd6e718d134'\nSystem info: os.name: 'Linux', os.arch: 'amd64', os.version: '6.5.0-1025-azure', java.version: '19.0.2'\nDriver info: org.openqa.selenium.chrome.ChromeDriver\nCommand: [793e6a568524ed1c9293e629dac8ff74, getElementText {id=f.345F89A880EF33FBD2B51D8F80839E46.d.234EF32EFE16EFAD1B85A956E918A96D.e.322}]\nCapabilities {acceptInsecureCerts: false, browserName: chrome, browserVersion: 131.0.6778.139, chrome: {chromedriverVersion: 131.0.6778.108 (3b014839fbc..., userDataDir: /tmp/.org.chromium.Chromium...}, fedcm:accounts: true, goog:chromeOptions: {debuggerAddress: localhost:42353}, networkConnectionEnabled: false, pageLoadStrategy: normal, platformName: linux, proxy: Proxy(), se:cdp: ws://localhost:42353/devtoo..., se:cdpVersion: 131.0.6778.139, setWindowRect: true, strictFileInteractability: false, timeouts: {implicit: 0, pageLoad: 300000, script: 30000}, unhandledPromptBehavior: dismiss and notify, webauthn:extension:credBlob: true, webauthn:extension:largeBlob: true, webauthn:extension:minPinLength: true, webauthn:extension:prf: true, webauthn:virtualAuthenticators: true}\nElement: [[ChromeDriver: chrome on linux (793e6a568524ed1c9293e629dac8ff74)] -> xpath: //*[@id=\"maincontent\"]/div[1]/div[2]/div/div/div]\nSession ID: 793e6a568524ed1c9293e629dac8ff74\n\tat java.base/jdk.internal.reflect.DirectConstructorHandleAccessor.newInstance(DirectConstructorHandleAccessor.java:67)\n\tat java.base/java.lang.reflect.Constructor.newInstanceWithCaller(Constructor.java:500)\n\tat java.base/java.lang.reflect.Constructor.newInstance(Constructor.java:484)\n\tat org.openqa.selenium.remote.ErrorCodec.decode(ErrorCodec.java:167)\n\tat org.openqa.selenium.remote.codec.w3c.W3CHttpResponseCodec.decode(W3CHttpResponseCodec.java:138)\n\tat org.openqa.selenium.remote.codec.w3c.W3CHttpResponseCodec.decode(W3CHttpResponseCodec.java:50)\n\tat org.openqa.selenium.remote.HttpCommandExecutor.execute(HttpCommandExecutor.java:190)\n\tat org.openqa.selenium.remote.service.DriverCommandExecutor.invokeExecute(DriverCommandExecutor.java:216)\n\tat org.openqa.selenium.remote.service.DriverCommandExecutor.execute(DriverCommandExecutor.java:174)\n\tat org.openqa.selenium.remote.RemoteWebDriver.execute(RemoteWebDriver.java:545)\n\tat org.openqa.selenium.remote.RemoteWebElement.execute(RemoteWebElement.java:223)\n\tat org.openqa.selenium.remote.RemoteWebElement.getText(RemoteWebElement.java:191)\n\tat com.itqa.pages.AddressBookPage.getSuccessMessage(AddressBookPage.java:30)\n\tat stepdefinitions.NewAddressSteps.iShouldSeeTheSuccessMessage(NewAddressSteps.java:64)\n\tat ✽.The success message should be \"You saved the address.\"(file:///home/runner/work/ui-api-testing/ui-api-testing/ui-testing/src/test/resources/features/new_address.feature:26)\n","steps":[{"name":"Given  User is on the login page","time":{"start":1735919454998,"stop":1735919456933,"duration":1935},"status":"passed","steps":[],"attachments":[],"parameters":[],"shouldDisplayMessage":false,"stepsCount":0,"attachmentsCount":0,"hasContent":false},{"name":"And  User logs in with username and password","time":{"start":1735919456934,"stop":1735919458485,"duration":1551},"status":"passed","steps":[],"attachments":[],"parameters":[],"shouldDisplayMessage":false,"stepsCount":0,"attachmentsCount":0,"hasContent":false},{"name":"When  I click menu toggle","time":{"start":1735919458485,"stop":1735919458548,"duration":63},"status":"passed","steps":[],"attachments":[],"parameters":[],"shouldDisplayMessage":false,"stepsCount":0,"attachmentsCount":0,"hasContent":false},{"name":"And  I go to the MyAccount","time":{"start":1735919458548,"stop":1735919459896,"duration":1348},"status":"passed","steps":[],"attachments":[],"parameters":[],"shouldDisplayMessage":false,"stepsCount":0,"attachmentsCount":0,"hasContent":false},{"name":"And  click address book","time":{"start":1735919459896,"stop":1735919460658,"duration":762},"status":"passed","steps":[],"attachments":[],"parameters":[],"shouldDisplayMessage":false,"stepsCount":0,"attachmentsCount":0,"hasContent":false},{"name":"And  click new address button","time":{"start":1735919460659,"stop":1735919461489,"duration":830},"status":"passed","steps":[],"attachments":[],"parameters":[],"shouldDisplayMessage":false,"stepsCount":0,"attachmentsCount":0,"hasContent":false},{"name":"And  I fill in the new address details:","time":{"start":1735919461489,"stop":1735919462070,"duration":581},"status":"passed","steps":[],"attachments":[{"uid":"2dc785ef51e248a3","name":"Data table","source":"2dc785ef51e248a3.csv","type":"text/tab-separated-values","size":189}],"parameters":[],"shouldDisplayMessage":false,"stepsCount":0,"attachmentsCount":1,"hasContent":true},{"name":"And  I click the save address","time":{"start":1735919462070,"stop":1735919463261,"duration":1191},"status":"passed","steps":[],"attachments":[],"parameters":[],"shouldDisplayMessage":false,"stepsCount":0,"attachmentsCount":0,"hasContent":false},{"name":"Then  The success message should be \"You saved the address.\"","time":{"start":1735919463261,"stop":1735919463329,"duration":68},"status":"broken","statusMessage":"stale element reference: stale element not found in the current frame\n  (Session info: chrome=131.0.6778.139)\nFor documentation on this error, please visit: https://www.selenium.dev/documentation/webdriver/troubleshooting/errors#stale-element-reference-exception\nBuild info: version: '4.27.0', revision: 'd6e718d134'\nSystem info: os.name: 'Linux', os.arch: 'amd64', os.version: '6.5.0-1025-azure', java.version: '19.0.2'\nDriver info: org.openqa.selenium.chrome.ChromeDriver\nCommand: [793e6a568524ed1c9293e629dac8ff74, getElementText {id=f.345F89A880EF33FBD2B51D8F80839E46.d.234EF32EFE16EFAD1B85A956E918A96D.e.322}]\nCapabilities {acceptInsecureCerts: false, browserName: chrome, browserVersion: 131.0.6778.139, chrome: {chromedriverVersion: 131.0.6778.108 (3b014839fbc..., userDataDir: /tmp/.org.chromium.Chromium...}, fedcm:accounts: true, goog:chromeOptions: {debuggerAddress: localhost:42353}, networkConnectionEnabled: false, pageLoadStrategy: normal, platformName: linux, proxy: Proxy(), se:cdp: ws://localhost:42353/devtoo..., se:cdpVersion: 131.0.6778.139, setWindowRect: true, strictFileInteractability: false, timeouts: {implicit: 0, pageLoad: 300000, script: 30000}, unhandledPromptBehavior: dismiss and notify, webauthn:extension:credBlob: true, webauthn:extension:largeBlob: true, webauthn:extension:minPinLength: true, webauthn:extension:prf: true, webauthn:virtualAuthenticators: true}\nElement: [[ChromeDriver: chrome on linux (793e6a568524ed1c9293e629dac8ff74)] -> xpath: //*[@id=\"maincontent\"]/div[1]/div[2]/div/div/div]\nSession ID: 793e6a568524ed1c9293e629dac8ff74","statusTrace":"org.openqa.selenium.StaleElementReferenceException: stale element reference: stale element not found in the current frame\n  (Session info: chrome=131.0.6778.139)\nFor documentation on this error, please visit: https://www.selenium.dev/documentation/webdriver/troubleshooting/errors#stale-element-reference-exception\nBuild info: version: '4.27.0', revision: 'd6e718d134'\nSystem info: os.name: 'Linux', os.arch: 'amd64', os.version: '6.5.0-1025-azure', java.version: '19.0.2'\nDriver info: org.openqa.selenium.chrome.ChromeDriver\nCommand: [793e6a568524ed1c9293e629dac8ff74, getElementText {id=f.345F89A880EF33FBD2B51D8F80839E46.d.234EF32EFE16EFAD1B85A956E918A96D.e.322}]\nCapabilities {acceptInsecureCerts: false, browserName: chrome, browserVersion: 131.0.6778.139, chrome: {chromedriverVersion: 131.0.6778.108 (3b014839fbc..., userDataDir: /tmp/.org.chromium.Chromium...}, fedcm:accounts: true, goog:chromeOptions: {debuggerAddress: localhost:42353}, networkConnectionEnabled: false, pageLoadStrategy: normal, platformName: linux, proxy: Proxy(), se:cdp: ws://localhost:42353/devtoo..., se:cdpVersion: 131.0.6778.139, setWindowRect: true, strictFileInteractability: false, timeouts: {implicit: 0, pageLoad: 300000, script: 30000}, unhandledPromptBehavior: dismiss and notify, webauthn:extension:credBlob: true, webauthn:extension:largeBlob: true, webauthn:extension:minPinLength: true, webauthn:extension:prf: true, webauthn:virtualAuthenticators: true}\nElement: [[ChromeDriver: chrome on linux (793e6a568524ed1c9293e629dac8ff74)] -> xpath: //*[@id=\"maincontent\"]/div[1]/div[2]/div/div/div]\nSession ID: 793e6a568524ed1c9293e629dac8ff74\n\tat java.base/jdk.internal.reflect.DirectConstructorHandleAccessor.newInstance(DirectConstructorHandleAccessor.java:67)\n\tat java.base/java.lang.reflect.Constructor.newInstanceWithCaller(Constructor.java:500)\n\tat java.base/java.lang.reflect.Constructor.newInstance(Constructor.java:484)\n\tat org.openqa.selenium.remote.ErrorCodec.decode(ErrorCodec.java:167)\n\tat org.openqa.selenium.remote.codec.w3c.W3CHttpResponseCodec.decode(W3CHttpResponseCodec.java:138)\n\tat org.openqa.selenium.remote.codec.w3c.W3CHttpResponseCodec.decode(W3CHttpResponseCodec.java:50)\n\tat org.openqa.selenium.remote.HttpCommandExecutor.execute(HttpCommandExecutor.java:190)\n\tat org.openqa.selenium.remote.service.DriverCommandExecutor.invokeExecute(DriverCommandExecutor.java:216)\n\tat org.openqa.selenium.remote.service.DriverCommandExecutor.execute(DriverCommandExecutor.java:174)\n\tat org.openqa.selenium.remote.RemoteWebDriver.execute(RemoteWebDriver.java:545)\n\tat org.openqa.selenium.remote.RemoteWebElement.execute(RemoteWebElement.java:223)\n\tat org.openqa.selenium.remote.RemoteWebElement.getText(RemoteWebElement.java:191)\n\tat com.itqa.pages.AddressBookPage.getSuccessMessage(AddressBookPage.java:30)\n\tat stepdefinitions.NewAddressSteps.iShouldSeeTheSuccessMessage(NewAddressSteps.java:64)\n\tat ✽.The success message should be \"You saved the address.\"(file:///home/runner/work/ui-api-testing/ui-api-testing/ui-testing/src/test/resources/features/new_address.feature:26)\n","steps":[],"attachments":[],"parameters":[],"shouldDisplayMessage":true,"stepsCount":0,"attachmentsCount":0,"hasContent":true}],"attachments":[],"parameters":[],"shouldDisplayMessage":false,"stepsCount":9,"attachmentsCount":1,"hasContent":true},"afterStages":[{"name":"stepdefinitions.Hooks.tearDown()","time":{"start":1735919463330,"stop":1735919463416,"duration":86},"status":"passed","steps":[],"attachments":[],"parameters":[],"shouldDisplayMessage":false,"stepsCount":0,"attachmentsCount":0,"hasContent":false}],"labels":[{"name":"tag","value":"NewAddress"},{"name":"host","value":"fv-az700-619"},{"name":"thread","value":"2865@fv-az700-619.main(1)"},{"name":"feature","value":"Add a new address"},{"name":"story","value":"User adds a new address"},{"name":"suite","value":"Add a new address"},{"name":"testClass","value":"User adds a new address"},{"name":"framework","value":"cucumber4jvm"},{"name":"language","value":"java"},{"name":"gherkin_uri","value":"file:///home/runner/work/ui-api-testing/ui-api-testing/ui-testing/src/test/resources/features/new_address.feature"},{"name":"package","value":"src.test.resources.features.new_address_feature.Add a new address"},{"name":"resultFormat","value":"allure2"}],"parameters":[],"links":[],"hidden":false,"retry":false,"extra":{"severity":"normal","retries":[],"categories":[{"name":"Test defects","matchedStatuses":[],"flaky":false}],"history":{"statistic":{"failed":0,"broken":5,"skipped":0,"passed":7,"unknown":0,"total":12},"items":[{"uid":"b2566c8cc402347d","reportUrl":"https://seefaBanu.github.io/ui-api-testing/28//#testresult/b2566c8cc402347d","status":"passed","time":{"start":1735911933691,"stop":1735911943102,"duration":9411}},{"uid":"555a1e6fd6b159a5","reportUrl":"https://seefaBanu.github.io/ui-api-testing/27//#testresult/555a1e6fd6b159a5","status":"broken","statusDetails":"stale element reference: stale element not found in the current frame\n  (Session info: chrome=131.0.6778.139)\nFor documentation on this error, please visit: https://www.selenium.dev/documentation/webdriver/troubleshooting/errors#stale-element-reference-exception\nBuild info: version: '4.27.0', revision: 'd6e718d134'\nSystem info: os.name: 'Linux', os.arch: 'amd64', os.version: '6.5.0-1025-azure', java.version: '19.0.2'\nDriver info: org.openqa.selenium.chrome.ChromeDriver\nCommand: [25f82d4c7b2fb48302fe785e00c17bc4, getElementText {id=f.E5E12519AF39BDB48EE1692C6033C5DC.d.F6C0DF350659C3BB900DEB009021C1FF.e.303}]\nCapabilities {acceptInsecureCerts: false, browserName: chrome, browserVersion: 131.0.6778.139, chrome: {chromedriverVersion: 131.0.6778.108 (3b014839fbc..., userDataDir: /tmp/.org.chromium.Chromium...}, fedcm:accounts: true, goog:chromeOptions: {debuggerAddress: localhost:46515}, networkConnectionEnabled: false, pageLoadStrategy: normal, platformName: linux, proxy: Proxy(), se:cdp: ws://localhost:46515/devtoo..., se:cdpVersion: 131.0.6778.139, setWindowRect: true, strictFileInteractability: false, timeouts: {implicit: 0, pageLoad: 300000, script: 30000}, unhandledPromptBehavior: dismiss and notify, webauthn:extension:credBlob: true, webauthn:extension:largeBlob: true, webauthn:extension:minPinLength: true, webauthn:extension:prf: true, webauthn:virtualAuthenticators: true}\nElement: [[ChromeDriver: chrome on linux (25f82d4c7b2fb48302fe785e00c17bc4)] -> xpath: //*[@id=\"maincontent\"]/div[1]/div[2]/div/div/div]\nSession ID: 25f82d4c7b2fb48302fe785e00c17bc4","time":{"start":1735908810479,"stop":1735908819484,"duration":9005}},{"uid":"f264858871b1b319","reportUrl":"https://seefaBanu.github.io/ui-api-testing/26//#testresult/f264858871b1b319","status":"passed","time":{"start":1735908624240,"stop":1735908632972,"duration":8732}},{"uid":"a7d3bd6db2ec8e1b","reportUrl":"https://seefaBanu.github.io/ui-api-testing/25//#testresult/a7d3bd6db2ec8e1b","status":"passed","time":{"start":1735908591237,"stop":1735908599490,"duration":8253}},{"uid":"a2840409132bef44","reportUrl":"https://seefaBanu.github.io/ui-api-testing/24//#testresult/a2840409132bef44","status":"passed","time":{"start":1735895215509,"stop":1735895224163,"duration":8654}},{"uid":"5e439a7b27ee1497","reportUrl":"https://seefaBanu.github.io/ui-api-testing/23//#testresult/5e439a7b27ee1497","status":"passed","time":{"start":1735892181612,"stop":1735892189136,"duration":7524}},{"uid":"c83a49b1173878d6","reportUrl":"https://seefaBanu.github.io/ui-api-testing/22//#testresult/c83a49b1173878d6","status":"broken","statusDetails":"stale element reference: stale element not found in the current frame\n  (Session info: chrome=131.0.6778.139)\nFor documentation on this error, please visit: https://www.selenium.dev/documentation/webdriver/troubleshooting/errors#stale-element-reference-exception\nBuild info: version: '4.27.0', revision: 'd6e718d134'\nSystem info: os.name: 'Linux', os.arch: 'amd64', os.version: '6.5.0-1025-azure', java.version: '19.0.2'\nDriver info: org.openqa.selenium.chrome.ChromeDriver\nCommand: [dc1fd83d1d5ce329afe5d832cc7d3306, getElementText {id=f.281575F2F77A81A1E92FC4E02DCAF0A9.d.2E336219A527D9FBA5A3A18EF74FCD38.e.332}]\nCapabilities {acceptInsecureCerts: false, browserName: chrome, browserVersion: 131.0.6778.139, chrome: {chromedriverVersion: 131.0.6778.108 (3b014839fbc..., userDataDir: /tmp/.org.chromium.Chromium...}, fedcm:accounts: true, goog:chromeOptions: {debuggerAddress: localhost:41379}, networkConnectionEnabled: false, pageLoadStrategy: normal, platformName: linux, proxy: Proxy(), se:cdp: ws://localhost:41379/devtoo..., se:cdpVersion: 131.0.6778.139, setWindowRect: true, strictFileInteractability: false, timeouts: {implicit: 0, pageLoad: 300000, script: 30000}, unhandledPromptBehavior: dismiss and notify, webauthn:extension:credBlob: true, webauthn:extension:largeBlob: true, webauthn:extension:minPinLength: true, webauthn:extension:prf: true, webauthn:virtualAuthenticators: true}\nElement: [[ChromeDriver: chrome on linux (dc1fd83d1d5ce329afe5d832cc7d3306)] -> xpath: //*[@id=\"maincontent\"]/div[1]/div[2]/div/div/div]\nSession ID: dc1fd83d1d5ce329afe5d832cc7d3306","time":{"start":1735892165903,"stop":1735892174448,"duration":8545}},{"uid":"61ea7b71caca77f7","reportUrl":"https://seefaBanu.github.io/ui-api-testing/21//#testresult/61ea7b71caca77f7","status":"passed","time":{"start":1735860479728,"stop":1735860491025,"duration":11297}},{"uid":"39816c96a5ed6112","reportUrl":"https://seefaBanu.github.io/ui-api-testing/20//#testresult/39816c96a5ed6112","status":"broken","statusDetails":"stale element reference: stale element not found in the current frame\n  (Session info: chrome=131.0.6778.139)\nFor documentation on this error, please visit: https://www.selenium.dev/documentation/webdriver/troubleshooting/errors#stale-element-reference-exception\nBuild info: version: '4.27.0', revision: 'd6e718d134'\nSystem info: os.name: 'Linux', os.arch: 'amd64', os.version: '6.5.0-1025-azure', java.version: '19.0.2'\nDriver info: org.openqa.selenium.chrome.ChromeDriver\nCommand: [6e31a742c5d1cf949219fcd40b84821c, getElementText {id=f.D4647B4760C9331EF1C71823D8626EE3.d.7AB182D7A252C60F94D5F4DA66AA3C59.e.302}]\nCapabilities {acceptInsecureCerts: false, browserName: chrome, browserVersion: 131.0.6778.139, chrome: {chromedriverVersion: 131.0.6778.108 (3b014839fbc..., userDataDir: /tmp/.org.chromium.Chromium...}, fedcm:accounts: true, goog:chromeOptions: {debuggerAddress: localhost:43299}, networkConnectionEnabled: false, pageLoadStrategy: normal, platformName: linux, proxy: Proxy(), se:cdp: ws://localhost:43299/devtoo..., se:cdpVersion: 131.0.6778.139, setWindowRect: true, strictFileInteractability: false, timeouts: {implicit: 0, pageLoad: 300000, script: 30000}, unhandledPromptBehavior: dismiss and notify, webauthn:extension:credBlob: true, webauthn:extension:largeBlob: true, webauthn:extension:minPinLength: true, webauthn:extension:prf: true, webauthn:virtualAuthenticators: true}\nElement: [[ChromeDriver: chrome on linux (6e31a742c5d1cf949219fcd40b84821c)] -> xpath: //*[@id=\"maincontent\"]/div[1]/div[2]/div/div/div]\nSession ID: 6e31a742c5d1cf949219fcd40b84821c","time":{"start":1735859846986,"stop":1735859855481,"duration":8495}},{"uid":"3f3e878ca72ca53f","reportUrl":"https://seefaBanu.github.io/ui-api-testing/19//#testresult/3f3e878ca72ca53f","status":"broken","statusDetails":"stale element reference: stale element not found in the current frame\n  (Session info: chrome=131.0.6778.139)\nFor documentation on this error, please visit: https://www.selenium.dev/documentation/webdriver/troubleshooting/errors#stale-element-reference-exception\nBuild info: version: '4.27.0', revision: 'd6e718d134'\nSystem info: os.name: 'Linux', os.arch: 'amd64', os.version: '6.5.0-1025-azure', java.version: '19.0.2'\nDriver info: org.openqa.selenium.chrome.ChromeDriver\nCommand: [24906d5a010c216913efa40eee4d2dc1, getElementText {id=f.BC34C71FE85A137A8783C2F077E6241C.d.76377B6D0992727F2F7361F642B1DB4E.e.301}]\nCapabilities {acceptInsecureCerts: false, browserName: chrome, browserVersion: 131.0.6778.139, chrome: {chromedriverVersion: 131.0.6778.108 (3b014839fbc..., userDataDir: /tmp/.org.chromium.Chromium...}, fedcm:accounts: true, goog:chromeOptions: {debuggerAddress: localhost:34935}, networkConnectionEnabled: false, pageLoadStrategy: normal, platformName: linux, proxy: Proxy(), se:cdp: ws://localhost:34935/devtoo..., se:cdpVersion: 131.0.6778.139, setWindowRect: true, strictFileInteractability: false, timeouts: {implicit: 0, pageLoad: 300000, script: 30000}, unhandledPromptBehavior: dismiss and notify, webauthn:extension:credBlob: true, webauthn:extension:largeBlob: true, webauthn:extension:minPinLength: true, webauthn:extension:prf: true, webauthn:virtualAuthenticators: true}\nElement: [[ChromeDriver: chrome on linux (24906d5a010c216913efa40eee4d2dc1)] -> xpath: //*[@id=\"maincontent\"]/div[1]/div[2]/div/div/div]\nSession ID: 24906d5a010c216913efa40eee4d2dc1","time":{"start":1735859615644,"stop":1735859624606,"duration":8962}},{"uid":"31aecc4b972d674b","reportUrl":"https://seefaBanu.github.io/ui-api-testing/18//#testresult/31aecc4b972d674b","status":"passed","time":{"start":1735855597404,"stop":1735855605696,"duration":8292}}]},"tags":["NewAddress"]},"source":"934f292f0e17f462.json","parameterValues":[]}