{"uid":"503e57c6d5006e89","name":"Add a product to the wish list","fullName":"src/test/resources/features/add_to_wish_list.feature:7","historyId":"47f53b0df98fab1b5ccaacf7b570c5e1","time":{"start":1735860342482,"stop":1735860350524,"duration":8042},"description":"  As a user\n  I want to add products to the wish list\n  So that I can purchase them later","descriptionHtml":"<p>As a user<br />\nI want to add products to the wish list<br />\nSo that I can purchase them later</p>\n","status":"broken","statusMessage":"stale element reference: stale element not found in the current frame\n  (Session info: chrome=131.0.6778.139)\nFor documentation on this error, please visit: https://www.selenium.dev/documentation/webdriver/troubleshooting/errors#stale-element-reference-exception\nBuild info: version: '4.27.0', revision: 'd6e718d134'\nSystem info: os.name: 'Linux', os.arch: 'amd64', os.version: '6.5.0-1025-azure', java.version: '19.0.2'\nDriver info: org.openqa.selenium.chrome.ChromeDriver\nCommand: [e1ddf9e7634eff059c32afd951c5b8d1, getElementText {id=f.512CE80D4C6DB078706A344C66700700.d.BAA74834C82D03C8843DFE89006CFAF7.e.419}]\nCapabilities {acceptInsecureCerts: false, browserName: chrome, browserVersion: 131.0.6778.139, chrome: {chromedriverVersion: 131.0.6778.108 (3b014839fbc..., userDataDir: /tmp/.org.chromium.Chromium...}, fedcm:accounts: true, goog:chromeOptions: {debuggerAddress: localhost:34383}, networkConnectionEnabled: false, pageLoadStrategy: normal, platformName: linux, proxy: Proxy(), se:cdp: ws://localhost:34383/devtoo..., se:cdpVersion: 131.0.6778.139, setWindowRect: true, strictFileInteractability: false, timeouts: {implicit: 0, pageLoad: 300000, script: 30000}, unhandledPromptBehavior: dismiss and notify, webauthn:extension:credBlob: true, webauthn:extension:largeBlob: true, webauthn:extension:minPinLength: true, webauthn:extension:prf: true, webauthn:virtualAuthenticators: true}\nElement: [[ChromeDriver: chrome on linux (e1ddf9e7634eff059c32afd951c5b8d1)] -> xpath: //*[@id=\"maincontent\"]/div[1]/div[2]/div/div/div]\nSession ID: e1ddf9e7634eff059c32afd951c5b8d1","statusTrace":"org.openqa.selenium.StaleElementReferenceException: stale element reference: stale element not found in the current frame\n  (Session info: chrome=131.0.6778.139)\nFor documentation on this error, please visit: https://www.selenium.dev/documentation/webdriver/troubleshooting/errors#stale-element-reference-exception\nBuild info: version: '4.27.0', revision: 'd6e718d134'\nSystem info: os.name: 'Linux', os.arch: 'amd64', os.version: '6.5.0-1025-azure', java.version: '19.0.2'\nDriver info: org.openqa.selenium.chrome.ChromeDriver\nCommand: [e1ddf9e7634eff059c32afd951c5b8d1, getElementText {id=f.512CE80D4C6DB078706A344C66700700.d.BAA74834C82D03C8843DFE89006CFAF7.e.419}]\nCapabilities {acceptInsecureCerts: false, browserName: chrome, browserVersion: 131.0.6778.139, chrome: {chromedriverVersion: 131.0.6778.108 (3b014839fbc..., userDataDir: /tmp/.org.chromium.Chromium...}, fedcm:accounts: true, goog:chromeOptions: {debuggerAddress: localhost:34383}, networkConnectionEnabled: false, pageLoadStrategy: normal, platformName: linux, proxy: Proxy(), se:cdp: ws://localhost:34383/devtoo..., se:cdpVersion: 131.0.6778.139, setWindowRect: true, strictFileInteractability: false, timeouts: {implicit: 0, pageLoad: 300000, script: 30000}, unhandledPromptBehavior: dismiss and notify, webauthn:extension:credBlob: true, webauthn:extension:largeBlob: true, webauthn:extension:minPinLength: true, webauthn:extension:prf: true, webauthn:virtualAuthenticators: true}\nElement: [[ChromeDriver: chrome on linux (e1ddf9e7634eff059c32afd951c5b8d1)] -> xpath: //*[@id=\"maincontent\"]/div[1]/div[2]/div/div/div]\nSession ID: e1ddf9e7634eff059c32afd951c5b8d1\n\tat java.base/jdk.internal.reflect.DirectConstructorHandleAccessor.newInstance(DirectConstructorHandleAccessor.java:67)\n\tat java.base/java.lang.reflect.Constructor.newInstanceWithCaller(Constructor.java:500)\n\tat java.base/java.lang.reflect.Constructor.newInstance(Constructor.java:484)\n\tat org.openqa.selenium.remote.ErrorCodec.decode(ErrorCodec.java:167)\n\tat org.openqa.selenium.remote.codec.w3c.W3CHttpResponseCodec.decode(W3CHttpResponseCodec.java:138)\n\tat org.openqa.selenium.remote.codec.w3c.W3CHttpResponseCodec.decode(W3CHttpResponseCodec.java:50)\n\tat org.openqa.selenium.remote.HttpCommandExecutor.execute(HttpCommandExecutor.java:190)\n\tat org.openqa.selenium.remote.service.DriverCommandExecutor.invokeExecute(DriverCommandExecutor.java:216)\n\tat org.openqa.selenium.remote.service.DriverCommandExecutor.execute(DriverCommandExecutor.java:174)\n\tat org.openqa.selenium.remote.RemoteWebDriver.execute(RemoteWebDriver.java:545)\n\tat org.openqa.selenium.remote.RemoteWebElement.execute(RemoteWebElement.java:223)\n\tat org.openqa.selenium.remote.RemoteWebElement.getText(RemoteWebElement.java:191)\n\tat com.itqa.pages.MyWishListPage.getSuccessMessage(MyWishListPage.java:19)\n\tat stepdefinitions.AddToWishListSteps.succeededMessageShouldBe(AddToWishListSteps.java:34)\n\tat ✽.A success message should be \"Radiant Tee has been added to your Wish List. Click here to continue shopping.\"(file:///home/runner/work/ui-api-testing/ui-api-testing/ui-testing/src/test/resources/features/add_to_wish_list.feature:13)\n","flaky":false,"newFailed":false,"newBroken":true,"newPassed":false,"retriesCount":0,"retriesStatusChange":false,"beforeStages":[{"name":"stepdefinitions.Hooks.setUp()","time":{"start":1735860342482,"stop":1735860342973,"duration":491},"status":"passed","steps":[],"attachments":[],"parameters":[],"stepsCount":0,"attachmentsCount":0,"hasContent":false,"shouldDisplayMessage":false}],"testStage":{"description":"  As a user\n  I want to add products to the wish list\n  So that I can purchase them later","status":"broken","statusMessage":"stale element reference: stale element not found in the current frame\n  (Session info: chrome=131.0.6778.139)\nFor documentation on this error, please visit: https://www.selenium.dev/documentation/webdriver/troubleshooting/errors#stale-element-reference-exception\nBuild info: version: '4.27.0', revision: 'd6e718d134'\nSystem info: os.name: 'Linux', os.arch: 'amd64', os.version: '6.5.0-1025-azure', java.version: '19.0.2'\nDriver info: org.openqa.selenium.chrome.ChromeDriver\nCommand: [e1ddf9e7634eff059c32afd951c5b8d1, getElementText {id=f.512CE80D4C6DB078706A344C66700700.d.BAA74834C82D03C8843DFE89006CFAF7.e.419}]\nCapabilities {acceptInsecureCerts: false, browserName: chrome, browserVersion: 131.0.6778.139, chrome: {chromedriverVersion: 131.0.6778.108 (3b014839fbc..., userDataDir: /tmp/.org.chromium.Chromium...}, fedcm:accounts: true, goog:chromeOptions: {debuggerAddress: localhost:34383}, networkConnectionEnabled: false, pageLoadStrategy: normal, platformName: linux, proxy: Proxy(), se:cdp: ws://localhost:34383/devtoo..., se:cdpVersion: 131.0.6778.139, setWindowRect: true, strictFileInteractability: false, timeouts: {implicit: 0, pageLoad: 300000, script: 30000}, unhandledPromptBehavior: dismiss and notify, webauthn:extension:credBlob: true, webauthn:extension:largeBlob: true, webauthn:extension:minPinLength: true, webauthn:extension:prf: true, webauthn:virtualAuthenticators: true}\nElement: [[ChromeDriver: chrome on linux (e1ddf9e7634eff059c32afd951c5b8d1)] -> xpath: //*[@id=\"maincontent\"]/div[1]/div[2]/div/div/div]\nSession ID: e1ddf9e7634eff059c32afd951c5b8d1","statusTrace":"org.openqa.selenium.StaleElementReferenceException: stale element reference: stale element not found in the current frame\n  (Session info: chrome=131.0.6778.139)\nFor documentation on this error, please visit: https://www.selenium.dev/documentation/webdriver/troubleshooting/errors#stale-element-reference-exception\nBuild info: version: '4.27.0', revision: 'd6e718d134'\nSystem info: os.name: 'Linux', os.arch: 'amd64', os.version: '6.5.0-1025-azure', java.version: '19.0.2'\nDriver info: org.openqa.selenium.chrome.ChromeDriver\nCommand: [e1ddf9e7634eff059c32afd951c5b8d1, getElementText {id=f.512CE80D4C6DB078706A344C66700700.d.BAA74834C82D03C8843DFE89006CFAF7.e.419}]\nCapabilities {acceptInsecureCerts: false, browserName: chrome, browserVersion: 131.0.6778.139, chrome: {chromedriverVersion: 131.0.6778.108 (3b014839fbc..., userDataDir: /tmp/.org.chromium.Chromium...}, fedcm:accounts: true, goog:chromeOptions: {debuggerAddress: localhost:34383}, networkConnectionEnabled: false, pageLoadStrategy: normal, platformName: linux, proxy: Proxy(), se:cdp: ws://localhost:34383/devtoo..., se:cdpVersion: 131.0.6778.139, setWindowRect: true, strictFileInteractability: false, timeouts: {implicit: 0, pageLoad: 300000, script: 30000}, unhandledPromptBehavior: dismiss and notify, webauthn:extension:credBlob: true, webauthn:extension:largeBlob: true, webauthn:extension:minPinLength: true, webauthn:extension:prf: true, webauthn:virtualAuthenticators: true}\nElement: [[ChromeDriver: chrome on linux (e1ddf9e7634eff059c32afd951c5b8d1)] -> xpath: //*[@id=\"maincontent\"]/div[1]/div[2]/div/div/div]\nSession ID: e1ddf9e7634eff059c32afd951c5b8d1\n\tat java.base/jdk.internal.reflect.DirectConstructorHandleAccessor.newInstance(DirectConstructorHandleAccessor.java:67)\n\tat java.base/java.lang.reflect.Constructor.newInstanceWithCaller(Constructor.java:500)\n\tat java.base/java.lang.reflect.Constructor.newInstance(Constructor.java:484)\n\tat org.openqa.selenium.remote.ErrorCodec.decode(ErrorCodec.java:167)\n\tat org.openqa.selenium.remote.codec.w3c.W3CHttpResponseCodec.decode(W3CHttpResponseCodec.java:138)\n\tat org.openqa.selenium.remote.codec.w3c.W3CHttpResponseCodec.decode(W3CHttpResponseCodec.java:50)\n\tat org.openqa.selenium.remote.HttpCommandExecutor.execute(HttpCommandExecutor.java:190)\n\tat org.openqa.selenium.remote.service.DriverCommandExecutor.invokeExecute(DriverCommandExecutor.java:216)\n\tat org.openqa.selenium.remote.service.DriverCommandExecutor.execute(DriverCommandExecutor.java:174)\n\tat org.openqa.selenium.remote.RemoteWebDriver.execute(RemoteWebDriver.java:545)\n\tat org.openqa.selenium.remote.RemoteWebElement.execute(RemoteWebElement.java:223)\n\tat org.openqa.selenium.remote.RemoteWebElement.getText(RemoteWebElement.java:191)\n\tat com.itqa.pages.MyWishListPage.getSuccessMessage(MyWishListPage.java:19)\n\tat stepdefinitions.AddToWishListSteps.succeededMessageShouldBe(AddToWishListSteps.java:34)\n\tat ✽.A success message should be \"Radiant Tee has been added to your Wish List. Click here to continue shopping.\"(file:///home/runner/work/ui-api-testing/ui-api-testing/ui-testing/src/test/resources/features/add_to_wish_list.feature:13)\n","steps":[{"name":"Given  User is on the login page","time":{"start":1735860342973,"stop":1735860344883,"duration":1910},"status":"passed","steps":[],"attachments":[],"parameters":[],"stepsCount":0,"attachmentsCount":0,"hasContent":false,"shouldDisplayMessage":false},{"name":"And  User logs in with username and password","time":{"start":1735860344883,"stop":1735860346400,"duration":1517},"status":"passed","steps":[],"attachments":[],"parameters":[],"stepsCount":0,"attachmentsCount":0,"hasContent":false,"shouldDisplayMessage":false},{"name":"When  I search for \"T-Shirt\"","time":{"start":1735860346400,"stop":1735860348185,"duration":1785},"status":"passed","steps":[],"attachments":[],"parameters":[],"stepsCount":0,"attachmentsCount":0,"hasContent":false,"shouldDisplayMessage":false},{"name":"And  I select the second product","time":{"start":1735860348185,"stop":1735860348819,"duration":634},"status":"passed","steps":[],"attachments":[],"parameters":[],"stepsCount":0,"attachmentsCount":0,"hasContent":false,"shouldDisplayMessage":false},{"name":"And  I click the Add to Wish List","time":{"start":1735860348819,"stop":1735860350358,"duration":1539},"status":"passed","steps":[],"attachments":[],"parameters":[],"stepsCount":0,"attachmentsCount":0,"hasContent":false,"shouldDisplayMessage":false},{"name":"Then  A success message should be \"Radiant Tee has been added to your Wish List. Click here to continue shopping.\"","time":{"start":1735860350358,"stop":1735860350434,"duration":76},"status":"broken","statusMessage":"stale element reference: stale element not found in the current frame\n  (Session info: chrome=131.0.6778.139)\nFor documentation on this error, please visit: https://www.selenium.dev/documentation/webdriver/troubleshooting/errors#stale-element-reference-exception\nBuild info: version: '4.27.0', revision: 'd6e718d134'\nSystem info: os.name: 'Linux', os.arch: 'amd64', os.version: '6.5.0-1025-azure', java.version: '19.0.2'\nDriver info: org.openqa.selenium.chrome.ChromeDriver\nCommand: [e1ddf9e7634eff059c32afd951c5b8d1, getElementText {id=f.512CE80D4C6DB078706A344C66700700.d.BAA74834C82D03C8843DFE89006CFAF7.e.419}]\nCapabilities {acceptInsecureCerts: false, browserName: chrome, browserVersion: 131.0.6778.139, chrome: {chromedriverVersion: 131.0.6778.108 (3b014839fbc..., userDataDir: /tmp/.org.chromium.Chromium...}, fedcm:accounts: true, goog:chromeOptions: {debuggerAddress: localhost:34383}, networkConnectionEnabled: false, pageLoadStrategy: normal, platformName: linux, proxy: Proxy(), se:cdp: ws://localhost:34383/devtoo..., se:cdpVersion: 131.0.6778.139, setWindowRect: true, strictFileInteractability: false, timeouts: {implicit: 0, pageLoad: 300000, script: 30000}, unhandledPromptBehavior: dismiss and notify, webauthn:extension:credBlob: true, webauthn:extension:largeBlob: true, webauthn:extension:minPinLength: true, webauthn:extension:prf: true, webauthn:virtualAuthenticators: true}\nElement: [[ChromeDriver: chrome on linux (e1ddf9e7634eff059c32afd951c5b8d1)] -> xpath: //*[@id=\"maincontent\"]/div[1]/div[2]/div/div/div]\nSession ID: e1ddf9e7634eff059c32afd951c5b8d1","statusTrace":"org.openqa.selenium.StaleElementReferenceException: stale element reference: stale element not found in the current frame\n  (Session info: chrome=131.0.6778.139)\nFor documentation on this error, please visit: https://www.selenium.dev/documentation/webdriver/troubleshooting/errors#stale-element-reference-exception\nBuild info: version: '4.27.0', revision: 'd6e718d134'\nSystem info: os.name: 'Linux', os.arch: 'amd64', os.version: '6.5.0-1025-azure', java.version: '19.0.2'\nDriver info: org.openqa.selenium.chrome.ChromeDriver\nCommand: [e1ddf9e7634eff059c32afd951c5b8d1, getElementText {id=f.512CE80D4C6DB078706A344C66700700.d.BAA74834C82D03C8843DFE89006CFAF7.e.419}]\nCapabilities {acceptInsecureCerts: false, browserName: chrome, browserVersion: 131.0.6778.139, chrome: {chromedriverVersion: 131.0.6778.108 (3b014839fbc..., userDataDir: /tmp/.org.chromium.Chromium...}, fedcm:accounts: true, goog:chromeOptions: {debuggerAddress: localhost:34383}, networkConnectionEnabled: false, pageLoadStrategy: normal, platformName: linux, proxy: Proxy(), se:cdp: ws://localhost:34383/devtoo..., se:cdpVersion: 131.0.6778.139, setWindowRect: true, strictFileInteractability: false, timeouts: {implicit: 0, pageLoad: 300000, script: 30000}, unhandledPromptBehavior: dismiss and notify, webauthn:extension:credBlob: true, webauthn:extension:largeBlob: true, webauthn:extension:minPinLength: true, webauthn:extension:prf: true, webauthn:virtualAuthenticators: true}\nElement: [[ChromeDriver: chrome on linux (e1ddf9e7634eff059c32afd951c5b8d1)] -> xpath: //*[@id=\"maincontent\"]/div[1]/div[2]/div/div/div]\nSession ID: e1ddf9e7634eff059c32afd951c5b8d1\n\tat java.base/jdk.internal.reflect.DirectConstructorHandleAccessor.newInstance(DirectConstructorHandleAccessor.java:67)\n\tat java.base/java.lang.reflect.Constructor.newInstanceWithCaller(Constructor.java:500)\n\tat java.base/java.lang.reflect.Constructor.newInstance(Constructor.java:484)\n\tat org.openqa.selenium.remote.ErrorCodec.decode(ErrorCodec.java:167)\n\tat org.openqa.selenium.remote.codec.w3c.W3CHttpResponseCodec.decode(W3CHttpResponseCodec.java:138)\n\tat org.openqa.selenium.remote.codec.w3c.W3CHttpResponseCodec.decode(W3CHttpResponseCodec.java:50)\n\tat org.openqa.selenium.remote.HttpCommandExecutor.execute(HttpCommandExecutor.java:190)\n\tat org.openqa.selenium.remote.service.DriverCommandExecutor.invokeExecute(DriverCommandExecutor.java:216)\n\tat org.openqa.selenium.remote.service.DriverCommandExecutor.execute(DriverCommandExecutor.java:174)\n\tat org.openqa.selenium.remote.RemoteWebDriver.execute(RemoteWebDriver.java:545)\n\tat org.openqa.selenium.remote.RemoteWebElement.execute(RemoteWebElement.java:223)\n\tat org.openqa.selenium.remote.RemoteWebElement.getText(RemoteWebElement.java:191)\n\tat com.itqa.pages.MyWishListPage.getSuccessMessage(MyWishListPage.java:19)\n\tat stepdefinitions.AddToWishListSteps.succeededMessageShouldBe(AddToWishListSteps.java:34)\n\tat ✽.A success message should be \"Radiant Tee has been added to your Wish List. Click here to continue shopping.\"(file:///home/runner/work/ui-api-testing/ui-api-testing/ui-testing/src/test/resources/features/add_to_wish_list.feature:13)\n","steps":[],"attachments":[],"parameters":[],"stepsCount":0,"attachmentsCount":0,"hasContent":true,"shouldDisplayMessage":true}],"attachments":[],"parameters":[],"stepsCount":6,"attachmentsCount":0,"hasContent":true,"shouldDisplayMessage":false},"afterStages":[{"name":"stepdefinitions.Hooks.tearDown()","time":{"start":1735860350435,"stop":1735860350523,"duration":88},"status":"passed","steps":[],"attachments":[],"parameters":[],"stepsCount":0,"attachmentsCount":0,"hasContent":false,"shouldDisplayMessage":false}],"labels":[{"name":"tag","value":"AddToWishlist"},{"name":"host","value":"fv-az1116-183"},{"name":"thread","value":"2906@fv-az1116-183.main(1)"},{"name":"feature","value":"Add product to wish list"},{"name":"story","value":"Add a product to the wish list"},{"name":"suite","value":"Add product to wish list"},{"name":"testClass","value":"Add a product to the wish list"},{"name":"framework","value":"cucumber4jvm"},{"name":"language","value":"java"},{"name":"gherkin_uri","value":"file:///home/runner/work/ui-api-testing/ui-api-testing/ui-testing/src/test/resources/features/add_to_wish_list.feature"},{"name":"package","value":"src.test.resources.features.add_to_wish_list_feature.Add product to wish list"},{"name":"resultFormat","value":"allure2"}],"parameters":[],"links":[],"hidden":false,"retry":false,"extra":{"severity":"normal","retries":[],"categories":[{"name":"Test defects","matchedStatuses":[],"flaky":false}],"history":{"statistic":{"failed":0,"broken":1,"skipped":0,"passed":4,"unknown":0,"total":5},"items":[{"uid":"2eb9771a3d214182","reportUrl":"https://seefaBanu.github.io/ui-api-testing/20//#testresult/2eb9771a3d214182","status":"passed","time":{"start":1735859719026,"stop":1735859726852,"duration":7826}},{"uid":"a38d21723a1102eb","reportUrl":"https://seefaBanu.github.io/ui-api-testing/19//#testresult/a38d21723a1102eb","status":"passed","time":{"start":1735859484586,"stop":1735859492333,"duration":7747}},{"uid":"13453a3d25d8e092","reportUrl":"https://seefaBanu.github.io/ui-api-testing/18//#testresult/13453a3d25d8e092","status":"passed","time":{"start":1735855466852,"stop":1735855474547,"duration":7695}},{"uid":"b1547e41352bbf5","reportUrl":"https://seefaBanu.github.io/ui-api-testing/8//#testresult/b1547e41352bbf5","status":"passed","time":{"start":1735838464875,"stop":1735838473431,"duration":8556}}]},"tags":["AddToWishlist"]},"source":"503e57c6d5006e89.json","parameterValues":[]}