{"uid":"5ee824c17b276e2d","name":"Add review to a product","fullName":"src/test/resources/features/add_review.feature:6","historyId":"3efd5445a36159b2e8755f17214bb4f0","time":{"start":1735921894026,"stop":1735921898752,"duration":4726},"description":"  As a user\n  I want to add review to the products","descriptionHtml":"<p>As a user<br />\nI want to add review to the products</p>\n","status":"broken","statusMessage":"element click intercepted: Element <button type=\"submit\" title=\"Search\" class=\"action search\" aria-label=\"Search\">...</button> is not clickable at point (962, 131). Other element would receive the click: <div class=\"header content\">...</div>\n  (Session info: chrome=131.0.6778.139)\nBuild info: version: '4.27.0', revision: 'd6e718d134'\nSystem info: os.name: 'Linux', os.arch: 'amd64', os.version: '6.5.0-1025-azure', java.version: '19.0.2'\nDriver info: org.openqa.selenium.chrome.ChromeDriver\nCommand: [f61481fe57ecec0a191abd4cabc0c149, clickElement {id=f.AB6D1371CD2CC29E47616574F55FA007.d.0F73E2B60AECDFE204224E0D21DF2A50.e.140}]\nCapabilities {acceptInsecureCerts: false, browserName: chrome, browserVersion: 131.0.6778.139, chrome: {chromedriverVersion: 131.0.6778.108 (3b014839fbc..., userDataDir: /tmp/.org.chromium.Chromium...}, fedcm:accounts: true, goog:chromeOptions: {debuggerAddress: localhost:35301}, networkConnectionEnabled: false, pageLoadStrategy: normal, platformName: linux, proxy: Proxy(), se:cdp: ws://localhost:35301/devtoo..., se:cdpVersion: 131.0.6778.139, setWindowRect: true, strictFileInteractability: false, timeouts: {implicit: 0, pageLoad: 300000, script: 30000}, unhandledPromptBehavior: dismiss and notify, webauthn:extension:credBlob: true, webauthn:extension:largeBlob: true, webauthn:extension:minPinLength: true, webauthn:extension:prf: true, webauthn:virtualAuthenticators: true}\nElement: [[ChromeDriver: chrome on linux (f61481fe57ecec0a191abd4cabc0c149)] -> xpath: //button[@type='submit']]\nSession ID: f61481fe57ecec0a191abd4cabc0c149","statusTrace":"org.openqa.selenium.ElementClickInterceptedException: element click intercepted: Element <button type=\"submit\" title=\"Search\" class=\"action search\" aria-label=\"Search\">...</button> is not clickable at point (962, 131). Other element would receive the click: <div class=\"header content\">...</div>\n  (Session info: chrome=131.0.6778.139)\nBuild info: version: '4.27.0', revision: 'd6e718d134'\nSystem info: os.name: 'Linux', os.arch: 'amd64', os.version: '6.5.0-1025-azure', java.version: '19.0.2'\nDriver info: org.openqa.selenium.chrome.ChromeDriver\nCommand: [f61481fe57ecec0a191abd4cabc0c149, clickElement {id=f.AB6D1371CD2CC29E47616574F55FA007.d.0F73E2B60AECDFE204224E0D21DF2A50.e.140}]\nCapabilities {acceptInsecureCerts: false, browserName: chrome, browserVersion: 131.0.6778.139, chrome: {chromedriverVersion: 131.0.6778.108 (3b014839fbc..., userDataDir: /tmp/.org.chromium.Chromium...}, fedcm:accounts: true, goog:chromeOptions: {debuggerAddress: localhost:35301}, networkConnectionEnabled: false, pageLoadStrategy: normal, platformName: linux, proxy: Proxy(), se:cdp: ws://localhost:35301/devtoo..., se:cdpVersion: 131.0.6778.139, setWindowRect: true, strictFileInteractability: false, timeouts: {implicit: 0, pageLoad: 300000, script: 30000}, unhandledPromptBehavior: dismiss and notify, webauthn:extension:credBlob: true, webauthn:extension:largeBlob: true, webauthn:extension:minPinLength: true, webauthn:extension:prf: true, webauthn:virtualAuthenticators: true}\nElement: [[ChromeDriver: chrome on linux (f61481fe57ecec0a191abd4cabc0c149)] -> xpath: //button[@type='submit']]\nSession ID: f61481fe57ecec0a191abd4cabc0c149\n\tat java.base/jdk.internal.reflect.DirectConstructorHandleAccessor.newInstance(DirectConstructorHandleAccessor.java:67)\n\tat java.base/java.lang.reflect.Constructor.newInstanceWithCaller(Constructor.java:500)\n\tat java.base/java.lang.reflect.Constructor.newInstance(Constructor.java:484)\n\tat org.openqa.selenium.remote.ErrorCodec.decode(ErrorCodec.java:167)\n\tat org.openqa.selenium.remote.codec.w3c.W3CHttpResponseCodec.decode(W3CHttpResponseCodec.java:138)\n\tat org.openqa.selenium.remote.codec.w3c.W3CHttpResponseCodec.decode(W3CHttpResponseCodec.java:50)\n\tat org.openqa.selenium.remote.HttpCommandExecutor.execute(HttpCommandExecutor.java:190)\n\tat org.openqa.selenium.remote.service.DriverCommandExecutor.invokeExecute(DriverCommandExecutor.java:216)\n\tat org.openqa.selenium.remote.service.DriverCommandExecutor.execute(DriverCommandExecutor.java:174)\n\tat org.openqa.selenium.remote.RemoteWebDriver.execute(RemoteWebDriver.java:545)\n\tat org.openqa.selenium.remote.RemoteWebElement.execute(RemoteWebElement.java:223)\n\tat org.openqa.selenium.remote.RemoteWebElement.click(RemoteWebElement.java:76)\n\tat com.itqa.pages.HomePage.searchProduct(HomePage.java:40)\n\tat stepdefinitions.CartSteps.iSearchFor(CartSteps.java:34)\n\tat ✽.I search for \"T-Shirt\"(file:///home/runner/work/ui-api-testing/ui-api-testing/ui-testing/src/test/resources/features/add_review.feature:9)\n","flaky":false,"newFailed":false,"newBroken":true,"newPassed":false,"retriesCount":0,"retriesStatusChange":false,"beforeStages":[{"name":"stepdefinitions.Hooks.setUp()","time":{"start":1735921894026,"stop":1735921894536,"duration":510},"status":"passed","steps":[],"attachments":[],"parameters":[],"shouldDisplayMessage":false,"stepsCount":0,"attachmentsCount":0,"hasContent":false}],"testStage":{"description":"  As a user\n  I want to add review to the products","status":"broken","statusMessage":"element click intercepted: Element <button type=\"submit\" title=\"Search\" class=\"action search\" aria-label=\"Search\">...</button> is not clickable at point (962, 131). Other element would receive the click: <div class=\"header content\">...</div>\n  (Session info: chrome=131.0.6778.139)\nBuild info: version: '4.27.0', revision: 'd6e718d134'\nSystem info: os.name: 'Linux', os.arch: 'amd64', os.version: '6.5.0-1025-azure', java.version: '19.0.2'\nDriver info: org.openqa.selenium.chrome.ChromeDriver\nCommand: [f61481fe57ecec0a191abd4cabc0c149, clickElement {id=f.AB6D1371CD2CC29E47616574F55FA007.d.0F73E2B60AECDFE204224E0D21DF2A50.e.140}]\nCapabilities {acceptInsecureCerts: false, browserName: chrome, browserVersion: 131.0.6778.139, chrome: {chromedriverVersion: 131.0.6778.108 (3b014839fbc..., userDataDir: /tmp/.org.chromium.Chromium...}, fedcm:accounts: true, goog:chromeOptions: {debuggerAddress: localhost:35301}, networkConnectionEnabled: false, pageLoadStrategy: normal, platformName: linux, proxy: Proxy(), se:cdp: ws://localhost:35301/devtoo..., se:cdpVersion: 131.0.6778.139, setWindowRect: true, strictFileInteractability: false, timeouts: {implicit: 0, pageLoad: 300000, script: 30000}, unhandledPromptBehavior: dismiss and notify, webauthn:extension:credBlob: true, webauthn:extension:largeBlob: true, webauthn:extension:minPinLength: true, webauthn:extension:prf: true, webauthn:virtualAuthenticators: true}\nElement: [[ChromeDriver: chrome on linux (f61481fe57ecec0a191abd4cabc0c149)] -> xpath: //button[@type='submit']]\nSession ID: f61481fe57ecec0a191abd4cabc0c149","statusTrace":"org.openqa.selenium.ElementClickInterceptedException: element click intercepted: Element <button type=\"submit\" title=\"Search\" class=\"action search\" aria-label=\"Search\">...</button> is not clickable at point (962, 131). Other element would receive the click: <div class=\"header content\">...</div>\n  (Session info: chrome=131.0.6778.139)\nBuild info: version: '4.27.0', revision: 'd6e718d134'\nSystem info: os.name: 'Linux', os.arch: 'amd64', os.version: '6.5.0-1025-azure', java.version: '19.0.2'\nDriver info: org.openqa.selenium.chrome.ChromeDriver\nCommand: [f61481fe57ecec0a191abd4cabc0c149, clickElement {id=f.AB6D1371CD2CC29E47616574F55FA007.d.0F73E2B60AECDFE204224E0D21DF2A50.e.140}]\nCapabilities {acceptInsecureCerts: false, browserName: chrome, browserVersion: 131.0.6778.139, chrome: {chromedriverVersion: 131.0.6778.108 (3b014839fbc..., userDataDir: /tmp/.org.chromium.Chromium...}, fedcm:accounts: true, goog:chromeOptions: {debuggerAddress: localhost:35301}, networkConnectionEnabled: false, pageLoadStrategy: normal, platformName: linux, proxy: Proxy(), se:cdp: ws://localhost:35301/devtoo..., se:cdpVersion: 131.0.6778.139, setWindowRect: true, strictFileInteractability: false, timeouts: {implicit: 0, pageLoad: 300000, script: 30000}, unhandledPromptBehavior: dismiss and notify, webauthn:extension:credBlob: true, webauthn:extension:largeBlob: true, webauthn:extension:minPinLength: true, webauthn:extension:prf: true, webauthn:virtualAuthenticators: true}\nElement: [[ChromeDriver: chrome on linux (f61481fe57ecec0a191abd4cabc0c149)] -> xpath: //button[@type='submit']]\nSession ID: f61481fe57ecec0a191abd4cabc0c149\n\tat java.base/jdk.internal.reflect.DirectConstructorHandleAccessor.newInstance(DirectConstructorHandleAccessor.java:67)\n\tat java.base/java.lang.reflect.Constructor.newInstanceWithCaller(Constructor.java:500)\n\tat java.base/java.lang.reflect.Constructor.newInstance(Constructor.java:484)\n\tat org.openqa.selenium.remote.ErrorCodec.decode(ErrorCodec.java:167)\n\tat org.openqa.selenium.remote.codec.w3c.W3CHttpResponseCodec.decode(W3CHttpResponseCodec.java:138)\n\tat org.openqa.selenium.remote.codec.w3c.W3CHttpResponseCodec.decode(W3CHttpResponseCodec.java:50)\n\tat org.openqa.selenium.remote.HttpCommandExecutor.execute(HttpCommandExecutor.java:190)\n\tat org.openqa.selenium.remote.service.DriverCommandExecutor.invokeExecute(DriverCommandExecutor.java:216)\n\tat org.openqa.selenium.remote.service.DriverCommandExecutor.execute(DriverCommandExecutor.java:174)\n\tat org.openqa.selenium.remote.RemoteWebDriver.execute(RemoteWebDriver.java:545)\n\tat org.openqa.selenium.remote.RemoteWebElement.execute(RemoteWebElement.java:223)\n\tat org.openqa.selenium.remote.RemoteWebElement.click(RemoteWebElement.java:76)\n\tat com.itqa.pages.HomePage.searchProduct(HomePage.java:40)\n\tat stepdefinitions.CartSteps.iSearchFor(CartSteps.java:34)\n\tat ✽.I search for \"T-Shirt\"(file:///home/runner/work/ui-api-testing/ui-api-testing/ui-testing/src/test/resources/features/add_review.feature:9)\n","steps":[{"name":"Given  User is on the login page","time":{"start":1735921894536,"stop":1735921896156,"duration":1620},"status":"passed","steps":[],"attachments":[],"parameters":[],"shouldDisplayMessage":false,"stepsCount":0,"attachmentsCount":0,"hasContent":false},{"name":"And  User logs in with username and password","time":{"start":1735921896156,"stop":1735921897520,"duration":1364},"status":"passed","steps":[],"attachments":[],"parameters":[],"shouldDisplayMessage":false,"stepsCount":0,"attachmentsCount":0,"hasContent":false},{"name":"When  I search for \"T-Shirt\"","time":{"start":1735921897521,"stop":1735921898660,"duration":1139},"status":"broken","statusMessage":"element click intercepted: Element <button type=\"submit\" title=\"Search\" class=\"action search\" aria-label=\"Search\">...</button> is not clickable at point (962, 131). Other element would receive the click: <div class=\"header content\">...</div>\n  (Session info: chrome=131.0.6778.139)\nBuild info: version: '4.27.0', revision: 'd6e718d134'\nSystem info: os.name: 'Linux', os.arch: 'amd64', os.version: '6.5.0-1025-azure', java.version: '19.0.2'\nDriver info: org.openqa.selenium.chrome.ChromeDriver\nCommand: [f61481fe57ecec0a191abd4cabc0c149, clickElement {id=f.AB6D1371CD2CC29E47616574F55FA007.d.0F73E2B60AECDFE204224E0D21DF2A50.e.140}]\nCapabilities {acceptInsecureCerts: false, browserName: chrome, browserVersion: 131.0.6778.139, chrome: {chromedriverVersion: 131.0.6778.108 (3b014839fbc..., userDataDir: /tmp/.org.chromium.Chromium...}, fedcm:accounts: true, goog:chromeOptions: {debuggerAddress: localhost:35301}, networkConnectionEnabled: false, pageLoadStrategy: normal, platformName: linux, proxy: Proxy(), se:cdp: ws://localhost:35301/devtoo..., se:cdpVersion: 131.0.6778.139, setWindowRect: true, strictFileInteractability: false, timeouts: {implicit: 0, pageLoad: 300000, script: 30000}, unhandledPromptBehavior: dismiss and notify, webauthn:extension:credBlob: true, webauthn:extension:largeBlob: true, webauthn:extension:minPinLength: true, webauthn:extension:prf: true, webauthn:virtualAuthenticators: true}\nElement: [[ChromeDriver: chrome on linux (f61481fe57ecec0a191abd4cabc0c149)] -> xpath: //button[@type='submit']]\nSession ID: f61481fe57ecec0a191abd4cabc0c149","statusTrace":"org.openqa.selenium.ElementClickInterceptedException: element click intercepted: Element <button type=\"submit\" title=\"Search\" class=\"action search\" aria-label=\"Search\">...</button> is not clickable at point (962, 131). Other element would receive the click: <div class=\"header content\">...</div>\n  (Session info: chrome=131.0.6778.139)\nBuild info: version: '4.27.0', revision: 'd6e718d134'\nSystem info: os.name: 'Linux', os.arch: 'amd64', os.version: '6.5.0-1025-azure', java.version: '19.0.2'\nDriver info: org.openqa.selenium.chrome.ChromeDriver\nCommand: [f61481fe57ecec0a191abd4cabc0c149, clickElement {id=f.AB6D1371CD2CC29E47616574F55FA007.d.0F73E2B60AECDFE204224E0D21DF2A50.e.140}]\nCapabilities {acceptInsecureCerts: false, browserName: chrome, browserVersion: 131.0.6778.139, chrome: {chromedriverVersion: 131.0.6778.108 (3b014839fbc..., userDataDir: /tmp/.org.chromium.Chromium...}, fedcm:accounts: true, goog:chromeOptions: {debuggerAddress: localhost:35301}, networkConnectionEnabled: false, pageLoadStrategy: normal, platformName: linux, proxy: Proxy(), se:cdp: ws://localhost:35301/devtoo..., se:cdpVersion: 131.0.6778.139, setWindowRect: true, strictFileInteractability: false, timeouts: {implicit: 0, pageLoad: 300000, script: 30000}, unhandledPromptBehavior: dismiss and notify, webauthn:extension:credBlob: true, webauthn:extension:largeBlob: true, webauthn:extension:minPinLength: true, webauthn:extension:prf: true, webauthn:virtualAuthenticators: true}\nElement: [[ChromeDriver: chrome on linux (f61481fe57ecec0a191abd4cabc0c149)] -> xpath: //button[@type='submit']]\nSession ID: f61481fe57ecec0a191abd4cabc0c149\n\tat java.base/jdk.internal.reflect.DirectConstructorHandleAccessor.newInstance(DirectConstructorHandleAccessor.java:67)\n\tat java.base/java.lang.reflect.Constructor.newInstanceWithCaller(Constructor.java:500)\n\tat java.base/java.lang.reflect.Constructor.newInstance(Constructor.java:484)\n\tat org.openqa.selenium.remote.ErrorCodec.decode(ErrorCodec.java:167)\n\tat org.openqa.selenium.remote.codec.w3c.W3CHttpResponseCodec.decode(W3CHttpResponseCodec.java:138)\n\tat org.openqa.selenium.remote.codec.w3c.W3CHttpResponseCodec.decode(W3CHttpResponseCodec.java:50)\n\tat org.openqa.selenium.remote.HttpCommandExecutor.execute(HttpCommandExecutor.java:190)\n\tat org.openqa.selenium.remote.service.DriverCommandExecutor.invokeExecute(DriverCommandExecutor.java:216)\n\tat org.openqa.selenium.remote.service.DriverCommandExecutor.execute(DriverCommandExecutor.java:174)\n\tat org.openqa.selenium.remote.RemoteWebDriver.execute(RemoteWebDriver.java:545)\n\tat org.openqa.selenium.remote.RemoteWebElement.execute(RemoteWebElement.java:223)\n\tat org.openqa.selenium.remote.RemoteWebElement.click(RemoteWebElement.java:76)\n\tat com.itqa.pages.HomePage.searchProduct(HomePage.java:40)\n\tat stepdefinitions.CartSteps.iSearchFor(CartSteps.java:34)\n\tat ✽.I search for \"T-Shirt\"(file:///home/runner/work/ui-api-testing/ui-api-testing/ui-testing/src/test/resources/features/add_review.feature:9)\n","steps":[],"attachments":[],"parameters":[],"shouldDisplayMessage":true,"stepsCount":0,"attachmentsCount":0,"hasContent":true},{"name":"And  I select the first product","time":{"start":1735921898661,"stop":1735921898661,"duration":0},"status":"skipped","steps":[],"attachments":[],"parameters":[],"shouldDisplayMessage":false,"stepsCount":0,"attachmentsCount":0,"hasContent":false},{"name":"And  User clicks on the \"Add Your Review\" button","time":{"start":1735921898661,"stop":1735921898661,"duration":0},"status":"skipped","steps":[],"attachments":[],"parameters":[],"shouldDisplayMessage":false,"stepsCount":0,"attachmentsCount":0,"hasContent":false},{"name":"And  User fills out the review form with nickname \"Jhon\", summary \"Great product\", and review text \"I love the quality and design of this T-shirt!\"","time":{"start":1735921898661,"stop":1735921898662,"duration":1},"status":"skipped","steps":[],"attachments":[],"parameters":[],"shouldDisplayMessage":false,"stepsCount":0,"attachmentsCount":0,"hasContent":false},{"name":"And  User submits the review","time":{"start":1735921898662,"stop":1735921898662,"duration":0},"status":"skipped","steps":[],"attachments":[],"parameters":[],"shouldDisplayMessage":false,"stepsCount":0,"attachmentsCount":0,"hasContent":false},{"name":"Then  The review is successfully submitted and a success message is displayed","time":{"start":1735921898662,"stop":1735921898663,"duration":1},"status":"skipped","steps":[],"attachments":[],"parameters":[],"shouldDisplayMessage":false,"stepsCount":0,"attachmentsCount":0,"hasContent":false}],"attachments":[],"parameters":[],"shouldDisplayMessage":false,"stepsCount":8,"attachmentsCount":0,"hasContent":true},"afterStages":[{"name":"stepdefinitions.Hooks.tearDown()","time":{"start":1735921898663,"stop":1735921898751,"duration":88},"status":"passed","steps":[],"attachments":[],"parameters":[],"shouldDisplayMessage":false,"stepsCount":0,"attachmentsCount":0,"hasContent":false}],"labels":[{"name":"tag","value":"AddReview"},{"name":"host","value":"fv-az1206-334"},{"name":"thread","value":"2962@fv-az1206-334.main(1)"},{"name":"feature","value":"Add review to a product"},{"name":"story","value":"Add review to a product"},{"name":"suite","value":"Add review to a product"},{"name":"testClass","value":"Add review to a product"},{"name":"framework","value":"cucumber4jvm"},{"name":"language","value":"java"},{"name":"gherkin_uri","value":"file:///home/runner/work/ui-api-testing/ui-api-testing/ui-testing/src/test/resources/features/add_review.feature"},{"name":"package","value":"src.test.resources.features.add_review_feature.Add review to a product"},{"name":"resultFormat","value":"allure2"}],"parameters":[],"links":[],"hidden":false,"retry":false,"extra":{"severity":"normal","retries":[],"categories":[{"name":"Test defects","matchedStatuses":[],"flaky":false}],"history":{"statistic":{"failed":0,"broken":1,"skipped":0,"passed":4,"unknown":0,"total":5},"items":[{"uid":"ec5db80a251decf8","reportUrl":"https://seefaBanu.github.io/ui-api-testing/29//#testresult/ec5db80a251decf8","status":"passed","time":{"start":1735919299112,"stop":1735919312508,"duration":13396}},{"uid":"fc0e7d6a4f76744a","reportUrl":"https://seefaBanu.github.io/ui-api-testing/28//#testresult/fc0e7d6a4f76744a","status":"passed","time":{"start":1735911781253,"stop":1735911792236,"duration":10983}},{"uid":"1e18afda873ea8a9","reportUrl":"https://seefaBanu.github.io/ui-api-testing/27//#testresult/1e18afda873ea8a9","status":"passed","time":{"start":1735908536668,"stop":1735908548078,"duration":11410}},{"uid":"bc83c3fb3c15d55d","reportUrl":"https://seefaBanu.github.io/ui-api-testing/24//#testresult/bc83c3fb3c15d55d","status":"passed","time":{"start":1735895064463,"stop":1735895075259,"duration":10796}}]},"tags":["AddReview"]},"source":"5ee824c17b276e2d.json","parameterValues":[]}