{"uid":"cf2aabc82eff797c","name":"Add a single product to the cart","fullName":"src/test/resources/features/add_to_cart.feature:7","historyId":"ba94935bd77b65c0a047feb108b6321","time":{"start":1735921898768,"stop":1735921903498,"duration":4730},"description":"  As a user\n  I want to add products to the cart \n  So that I can purchase them later","descriptionHtml":"<p>As a user<br />\nI want to add products to the cart<br />\nSo that I can purchase them later</p>\n","status":"broken","statusMessage":"element click intercepted: Element <button type=\"submit\" title=\"Search\" class=\"action search\" aria-label=\"Search\">...</button> is not clickable at point (962, 131). Other element would receive the click: <div class=\"header content\">...</div>\n  (Session info: chrome=131.0.6778.139)\nBuild info: version: '4.27.0', revision: 'd6e718d134'\nSystem info: os.name: 'Linux', os.arch: 'amd64', os.version: '6.5.0-1025-azure', java.version: '19.0.2'\nDriver info: org.openqa.selenium.chrome.ChromeDriver\nCommand: [347bb7481e966ff63da07eab3059f5c3, clickElement {id=f.03C9229CDE4B2C7A7CD1892769EBD9BC.d.DC70948F8615401F7704000EC5DE9117.e.145}]\nCapabilities {acceptInsecureCerts: false, browserName: chrome, browserVersion: 131.0.6778.139, chrome: {chromedriverVersion: 131.0.6778.108 (3b014839fbc..., userDataDir: /tmp/.org.chromium.Chromium...}, fedcm:accounts: true, goog:chromeOptions: {debuggerAddress: localhost:39041}, networkConnectionEnabled: false, pageLoadStrategy: normal, platformName: linux, proxy: Proxy(), se:cdp: ws://localhost:39041/devtoo..., se:cdpVersion: 131.0.6778.139, setWindowRect: true, strictFileInteractability: false, timeouts: {implicit: 0, pageLoad: 300000, script: 30000}, unhandledPromptBehavior: dismiss and notify, webauthn:extension:credBlob: true, webauthn:extension:largeBlob: true, webauthn:extension:minPinLength: true, webauthn:extension:prf: true, webauthn:virtualAuthenticators: true}\nElement: [[ChromeDriver: chrome on linux (347bb7481e966ff63da07eab3059f5c3)] -> xpath: //button[@type='submit']]\nSession ID: 347bb7481e966ff63da07eab3059f5c3","statusTrace":"org.openqa.selenium.ElementClickInterceptedException: element click intercepted: Element <button type=\"submit\" title=\"Search\" class=\"action search\" aria-label=\"Search\">...</button> is not clickable at point (962, 131). Other element would receive the click: <div class=\"header content\">...</div>\n  (Session info: chrome=131.0.6778.139)\nBuild info: version: '4.27.0', revision: 'd6e718d134'\nSystem info: os.name: 'Linux', os.arch: 'amd64', os.version: '6.5.0-1025-azure', java.version: '19.0.2'\nDriver info: org.openqa.selenium.chrome.ChromeDriver\nCommand: [347bb7481e966ff63da07eab3059f5c3, clickElement {id=f.03C9229CDE4B2C7A7CD1892769EBD9BC.d.DC70948F8615401F7704000EC5DE9117.e.145}]\nCapabilities {acceptInsecureCerts: false, browserName: chrome, browserVersion: 131.0.6778.139, chrome: {chromedriverVersion: 131.0.6778.108 (3b014839fbc..., userDataDir: /tmp/.org.chromium.Chromium...}, fedcm:accounts: true, goog:chromeOptions: {debuggerAddress: localhost:39041}, networkConnectionEnabled: false, pageLoadStrategy: normal, platformName: linux, proxy: Proxy(), se:cdp: ws://localhost:39041/devtoo..., se:cdpVersion: 131.0.6778.139, setWindowRect: true, strictFileInteractability: false, timeouts: {implicit: 0, pageLoad: 300000, script: 30000}, unhandledPromptBehavior: dismiss and notify, webauthn:extension:credBlob: true, webauthn:extension:largeBlob: true, webauthn:extension:minPinLength: true, webauthn:extension:prf: true, webauthn:virtualAuthenticators: true}\nElement: [[ChromeDriver: chrome on linux (347bb7481e966ff63da07eab3059f5c3)] -> xpath: //button[@type='submit']]\nSession ID: 347bb7481e966ff63da07eab3059f5c3\n\tat java.base/jdk.internal.reflect.DirectConstructorHandleAccessor.newInstance(DirectConstructorHandleAccessor.java:67)\n\tat java.base/java.lang.reflect.Constructor.newInstanceWithCaller(Constructor.java:500)\n\tat java.base/java.lang.reflect.Constructor.newInstance(Constructor.java:484)\n\tat org.openqa.selenium.remote.ErrorCodec.decode(ErrorCodec.java:167)\n\tat org.openqa.selenium.remote.codec.w3c.W3CHttpResponseCodec.decode(W3CHttpResponseCodec.java:138)\n\tat org.openqa.selenium.remote.codec.w3c.W3CHttpResponseCodec.decode(W3CHttpResponseCodec.java:50)\n\tat org.openqa.selenium.remote.HttpCommandExecutor.execute(HttpCommandExecutor.java:190)\n\tat org.openqa.selenium.remote.service.DriverCommandExecutor.invokeExecute(DriverCommandExecutor.java:216)\n\tat org.openqa.selenium.remote.service.DriverCommandExecutor.execute(DriverCommandExecutor.java:174)\n\tat org.openqa.selenium.remote.RemoteWebDriver.execute(RemoteWebDriver.java:545)\n\tat org.openqa.selenium.remote.RemoteWebElement.execute(RemoteWebElement.java:223)\n\tat org.openqa.selenium.remote.RemoteWebElement.click(RemoteWebElement.java:76)\n\tat com.itqa.pages.HomePage.searchProduct(HomePage.java:40)\n\tat stepdefinitions.CartSteps.iSearchFor(CartSteps.java:34)\n\tat ✽.I search for \"T-Shirt\"(file:///home/runner/work/ui-api-testing/ui-api-testing/ui-testing/src/test/resources/features/add_to_cart.feature:11)\n","flaky":false,"newFailed":false,"newBroken":true,"newPassed":false,"retriesCount":0,"retriesStatusChange":false,"beforeStages":[{"name":"stepdefinitions.Hooks.setUp()","time":{"start":1735921898768,"stop":1735921899258,"duration":490},"status":"passed","steps":[],"attachments":[],"parameters":[],"shouldDisplayMessage":false,"stepsCount":0,"attachmentsCount":0,"hasContent":false}],"testStage":{"description":"  As a user\n  I want to add products to the cart \n  So that I can purchase them later","status":"broken","statusMessage":"element click intercepted: Element <button type=\"submit\" title=\"Search\" class=\"action search\" aria-label=\"Search\">...</button> is not clickable at point (962, 131). Other element would receive the click: <div class=\"header content\">...</div>\n  (Session info: chrome=131.0.6778.139)\nBuild info: version: '4.27.0', revision: 'd6e718d134'\nSystem info: os.name: 'Linux', os.arch: 'amd64', os.version: '6.5.0-1025-azure', java.version: '19.0.2'\nDriver info: org.openqa.selenium.chrome.ChromeDriver\nCommand: [347bb7481e966ff63da07eab3059f5c3, clickElement {id=f.03C9229CDE4B2C7A7CD1892769EBD9BC.d.DC70948F8615401F7704000EC5DE9117.e.145}]\nCapabilities {acceptInsecureCerts: false, browserName: chrome, browserVersion: 131.0.6778.139, chrome: {chromedriverVersion: 131.0.6778.108 (3b014839fbc..., userDataDir: /tmp/.org.chromium.Chromium...}, fedcm:accounts: true, goog:chromeOptions: {debuggerAddress: localhost:39041}, networkConnectionEnabled: false, pageLoadStrategy: normal, platformName: linux, proxy: Proxy(), se:cdp: ws://localhost:39041/devtoo..., se:cdpVersion: 131.0.6778.139, setWindowRect: true, strictFileInteractability: false, timeouts: {implicit: 0, pageLoad: 300000, script: 30000}, unhandledPromptBehavior: dismiss and notify, webauthn:extension:credBlob: true, webauthn:extension:largeBlob: true, webauthn:extension:minPinLength: true, webauthn:extension:prf: true, webauthn:virtualAuthenticators: true}\nElement: [[ChromeDriver: chrome on linux (347bb7481e966ff63da07eab3059f5c3)] -> xpath: //button[@type='submit']]\nSession ID: 347bb7481e966ff63da07eab3059f5c3","statusTrace":"org.openqa.selenium.ElementClickInterceptedException: element click intercepted: Element <button type=\"submit\" title=\"Search\" class=\"action search\" aria-label=\"Search\">...</button> is not clickable at point (962, 131). Other element would receive the click: <div class=\"header content\">...</div>\n  (Session info: chrome=131.0.6778.139)\nBuild info: version: '4.27.0', revision: 'd6e718d134'\nSystem info: os.name: 'Linux', os.arch: 'amd64', os.version: '6.5.0-1025-azure', java.version: '19.0.2'\nDriver info: org.openqa.selenium.chrome.ChromeDriver\nCommand: [347bb7481e966ff63da07eab3059f5c3, clickElement {id=f.03C9229CDE4B2C7A7CD1892769EBD9BC.d.DC70948F8615401F7704000EC5DE9117.e.145}]\nCapabilities {acceptInsecureCerts: false, browserName: chrome, browserVersion: 131.0.6778.139, chrome: {chromedriverVersion: 131.0.6778.108 (3b014839fbc..., userDataDir: /tmp/.org.chromium.Chromium...}, fedcm:accounts: true, goog:chromeOptions: {debuggerAddress: localhost:39041}, networkConnectionEnabled: false, pageLoadStrategy: normal, platformName: linux, proxy: Proxy(), se:cdp: ws://localhost:39041/devtoo..., se:cdpVersion: 131.0.6778.139, setWindowRect: true, strictFileInteractability: false, timeouts: {implicit: 0, pageLoad: 300000, script: 30000}, unhandledPromptBehavior: dismiss and notify, webauthn:extension:credBlob: true, webauthn:extension:largeBlob: true, webauthn:extension:minPinLength: true, webauthn:extension:prf: true, webauthn:virtualAuthenticators: true}\nElement: [[ChromeDriver: chrome on linux (347bb7481e966ff63da07eab3059f5c3)] -> xpath: //button[@type='submit']]\nSession ID: 347bb7481e966ff63da07eab3059f5c3\n\tat java.base/jdk.internal.reflect.DirectConstructorHandleAccessor.newInstance(DirectConstructorHandleAccessor.java:67)\n\tat java.base/java.lang.reflect.Constructor.newInstanceWithCaller(Constructor.java:500)\n\tat java.base/java.lang.reflect.Constructor.newInstance(Constructor.java:484)\n\tat org.openqa.selenium.remote.ErrorCodec.decode(ErrorCodec.java:167)\n\tat org.openqa.selenium.remote.codec.w3c.W3CHttpResponseCodec.decode(W3CHttpResponseCodec.java:138)\n\tat org.openqa.selenium.remote.codec.w3c.W3CHttpResponseCodec.decode(W3CHttpResponseCodec.java:50)\n\tat org.openqa.selenium.remote.HttpCommandExecutor.execute(HttpCommandExecutor.java:190)\n\tat org.openqa.selenium.remote.service.DriverCommandExecutor.invokeExecute(DriverCommandExecutor.java:216)\n\tat org.openqa.selenium.remote.service.DriverCommandExecutor.execute(DriverCommandExecutor.java:174)\n\tat org.openqa.selenium.remote.RemoteWebDriver.execute(RemoteWebDriver.java:545)\n\tat org.openqa.selenium.remote.RemoteWebElement.execute(RemoteWebElement.java:223)\n\tat org.openqa.selenium.remote.RemoteWebElement.click(RemoteWebElement.java:76)\n\tat com.itqa.pages.HomePage.searchProduct(HomePage.java:40)\n\tat stepdefinitions.CartSteps.iSearchFor(CartSteps.java:34)\n\tat ✽.I search for \"T-Shirt\"(file:///home/runner/work/ui-api-testing/ui-api-testing/ui-testing/src/test/resources/features/add_to_cart.feature:11)\n","steps":[{"name":"Given  User is on the login page","time":{"start":1735921899258,"stop":1735921900887,"duration":1629},"status":"passed","steps":[],"attachments":[],"parameters":[],"shouldDisplayMessage":false,"stepsCount":0,"attachmentsCount":0,"hasContent":false},{"name":"And  User logs in with username and password","time":{"start":1735921900887,"stop":1735921902237,"duration":1350},"status":"passed","steps":[],"attachments":[],"parameters":[],"shouldDisplayMessage":false,"stepsCount":0,"attachmentsCount":0,"hasContent":false},{"name":"When  I search for \"T-Shirt\"","time":{"start":1735921902238,"stop":1735921903408,"duration":1170},"status":"broken","statusMessage":"element click intercepted: Element <button type=\"submit\" title=\"Search\" class=\"action search\" aria-label=\"Search\">...</button> is not clickable at point (962, 131). Other element would receive the click: <div class=\"header content\">...</div>\n  (Session info: chrome=131.0.6778.139)\nBuild info: version: '4.27.0', revision: 'd6e718d134'\nSystem info: os.name: 'Linux', os.arch: 'amd64', os.version: '6.5.0-1025-azure', java.version: '19.0.2'\nDriver info: org.openqa.selenium.chrome.ChromeDriver\nCommand: [347bb7481e966ff63da07eab3059f5c3, clickElement {id=f.03C9229CDE4B2C7A7CD1892769EBD9BC.d.DC70948F8615401F7704000EC5DE9117.e.145}]\nCapabilities {acceptInsecureCerts: false, browserName: chrome, browserVersion: 131.0.6778.139, chrome: {chromedriverVersion: 131.0.6778.108 (3b014839fbc..., userDataDir: /tmp/.org.chromium.Chromium...}, fedcm:accounts: true, goog:chromeOptions: {debuggerAddress: localhost:39041}, networkConnectionEnabled: false, pageLoadStrategy: normal, platformName: linux, proxy: Proxy(), se:cdp: ws://localhost:39041/devtoo..., se:cdpVersion: 131.0.6778.139, setWindowRect: true, strictFileInteractability: false, timeouts: {implicit: 0, pageLoad: 300000, script: 30000}, unhandledPromptBehavior: dismiss and notify, webauthn:extension:credBlob: true, webauthn:extension:largeBlob: true, webauthn:extension:minPinLength: true, webauthn:extension:prf: true, webauthn:virtualAuthenticators: true}\nElement: [[ChromeDriver: chrome on linux (347bb7481e966ff63da07eab3059f5c3)] -> xpath: //button[@type='submit']]\nSession ID: 347bb7481e966ff63da07eab3059f5c3","statusTrace":"org.openqa.selenium.ElementClickInterceptedException: element click intercepted: Element <button type=\"submit\" title=\"Search\" class=\"action search\" aria-label=\"Search\">...</button> is not clickable at point (962, 131). Other element would receive the click: <div class=\"header content\">...</div>\n  (Session info: chrome=131.0.6778.139)\nBuild info: version: '4.27.0', revision: 'd6e718d134'\nSystem info: os.name: 'Linux', os.arch: 'amd64', os.version: '6.5.0-1025-azure', java.version: '19.0.2'\nDriver info: org.openqa.selenium.chrome.ChromeDriver\nCommand: [347bb7481e966ff63da07eab3059f5c3, clickElement {id=f.03C9229CDE4B2C7A7CD1892769EBD9BC.d.DC70948F8615401F7704000EC5DE9117.e.145}]\nCapabilities {acceptInsecureCerts: false, browserName: chrome, browserVersion: 131.0.6778.139, chrome: {chromedriverVersion: 131.0.6778.108 (3b014839fbc..., userDataDir: /tmp/.org.chromium.Chromium...}, fedcm:accounts: true, goog:chromeOptions: {debuggerAddress: localhost:39041}, networkConnectionEnabled: false, pageLoadStrategy: normal, platformName: linux, proxy: Proxy(), se:cdp: ws://localhost:39041/devtoo..., se:cdpVersion: 131.0.6778.139, setWindowRect: true, strictFileInteractability: false, timeouts: {implicit: 0, pageLoad: 300000, script: 30000}, unhandledPromptBehavior: dismiss and notify, webauthn:extension:credBlob: true, webauthn:extension:largeBlob: true, webauthn:extension:minPinLength: true, webauthn:extension:prf: true, webauthn:virtualAuthenticators: true}\nElement: [[ChromeDriver: chrome on linux (347bb7481e966ff63da07eab3059f5c3)] -> xpath: //button[@type='submit']]\nSession ID: 347bb7481e966ff63da07eab3059f5c3\n\tat java.base/jdk.internal.reflect.DirectConstructorHandleAccessor.newInstance(DirectConstructorHandleAccessor.java:67)\n\tat java.base/java.lang.reflect.Constructor.newInstanceWithCaller(Constructor.java:500)\n\tat java.base/java.lang.reflect.Constructor.newInstance(Constructor.java:484)\n\tat org.openqa.selenium.remote.ErrorCodec.decode(ErrorCodec.java:167)\n\tat org.openqa.selenium.remote.codec.w3c.W3CHttpResponseCodec.decode(W3CHttpResponseCodec.java:138)\n\tat org.openqa.selenium.remote.codec.w3c.W3CHttpResponseCodec.decode(W3CHttpResponseCodec.java:50)\n\tat org.openqa.selenium.remote.HttpCommandExecutor.execute(HttpCommandExecutor.java:190)\n\tat org.openqa.selenium.remote.service.DriverCommandExecutor.invokeExecute(DriverCommandExecutor.java:216)\n\tat org.openqa.selenium.remote.service.DriverCommandExecutor.execute(DriverCommandExecutor.java:174)\n\tat org.openqa.selenium.remote.RemoteWebDriver.execute(RemoteWebDriver.java:545)\n\tat org.openqa.selenium.remote.RemoteWebElement.execute(RemoteWebElement.java:223)\n\tat org.openqa.selenium.remote.RemoteWebElement.click(RemoteWebElement.java:76)\n\tat com.itqa.pages.HomePage.searchProduct(HomePage.java:40)\n\tat stepdefinitions.CartSteps.iSearchFor(CartSteps.java:34)\n\tat ✽.I search for \"T-Shirt\"(file:///home/runner/work/ui-api-testing/ui-api-testing/ui-testing/src/test/resources/features/add_to_cart.feature:11)\n","steps":[],"attachments":[],"parameters":[],"shouldDisplayMessage":true,"stepsCount":0,"attachmentsCount":0,"hasContent":true},{"name":"And  I select the first product","time":{"start":1735921903409,"stop":1735921903409,"duration":0},"status":"skipped","steps":[],"attachments":[],"parameters":[],"shouldDisplayMessage":false,"stepsCount":0,"attachmentsCount":0,"hasContent":false},{"name":"And  I select size \"M\" and color \"Blue\"","time":{"start":1735921903409,"stop":1735921903410,"duration":1},"status":"skipped","steps":[],"attachments":[],"parameters":[],"shouldDisplayMessage":false,"stepsCount":0,"attachmentsCount":0,"hasContent":false},{"name":"And  I click \"Add to Cart\"","time":{"start":1735921903410,"stop":1735921903410,"duration":0},"status":"skipped","steps":[],"attachments":[],"parameters":[],"shouldDisplayMessage":false,"stepsCount":0,"attachmentsCount":0,"hasContent":false},{"name":"Then  success message should be \"You added Radiant Tee to your shopping cart.\"","time":{"start":1735921903410,"stop":1735921903411,"duration":1},"status":"skipped","steps":[],"attachments":[],"parameters":[],"shouldDisplayMessage":false,"stepsCount":0,"attachmentsCount":0,"hasContent":false}],"attachments":[],"parameters":[],"shouldDisplayMessage":false,"stepsCount":7,"attachmentsCount":0,"hasContent":true},"afterStages":[{"name":"stepdefinitions.Hooks.tearDown()","time":{"start":1735921903411,"stop":1735921903498,"duration":87},"status":"passed","steps":[],"attachments":[],"parameters":[],"shouldDisplayMessage":false,"stepsCount":0,"attachmentsCount":0,"hasContent":false}],"labels":[{"name":"tag","value":"AddToCart"},{"name":"host","value":"fv-az1206-334"},{"name":"thread","value":"2962@fv-az1206-334.main(1)"},{"name":"feature","value":"Add product to cart"},{"name":"story","value":"Add a single product to the cart"},{"name":"suite","value":"Add product to cart"},{"name":"testClass","value":"Add a single product to the cart"},{"name":"framework","value":"cucumber4jvm"},{"name":"language","value":"java"},{"name":"gherkin_uri","value":"file:///home/runner/work/ui-api-testing/ui-api-testing/ui-testing/src/test/resources/features/add_to_cart.feature"},{"name":"package","value":"src.test.resources.features.add_to_cart_feature.Add product to cart"},{"name":"resultFormat","value":"allure2"}],"parameters":[],"links":[],"hidden":false,"retry":false,"extra":{"severity":"normal","retries":[],"categories":[{"name":"Test defects","matchedStatuses":[],"flaky":false}],"history":{"statistic":{"failed":0,"broken":1,"skipped":0,"passed":12,"unknown":0,"total":13},"items":[{"uid":"be838332c808aa71","reportUrl":"https://seefaBanu.github.io/ui-api-testing/29//#testresult/be838332c808aa71","status":"passed","time":{"start":1735919312522,"stop":1735919320591,"duration":8069}},{"uid":"37d77a295d7322df","reportUrl":"https://seefaBanu.github.io/ui-api-testing/28//#testresult/37d77a295d7322df","status":"passed","time":{"start":1735911792247,"stop":1735911800044,"duration":7797}},{"uid":"ca06160b58250984","reportUrl":"https://seefaBanu.github.io/ui-api-testing/27//#testresult/ca06160b58250984","status":"passed","time":{"start":1735908548090,"stop":1735908557033,"duration":8943}},{"uid":"8c953d619fb557d7","reportUrl":"https://seefaBanu.github.io/ui-api-testing/26//#testresult/8c953d619fb557d7","status":"passed","time":{"start":1735908489291,"stop":1735908497044,"duration":7753}},{"uid":"ddcd171c1051c73d","reportUrl":"https://seefaBanu.github.io/ui-api-testing/25//#testresult/ddcd171c1051c73d","status":"passed","time":{"start":1735908451934,"stop":1735908459693,"duration":7759}},{"uid":"6ca1de7e72790510","reportUrl":"https://seefaBanu.github.io/ui-api-testing/24//#testresult/6ca1de7e72790510","status":"passed","time":{"start":1735895075270,"stop":1735895082700,"duration":7430}},{"uid":"c4692c0509e12bd4","reportUrl":"https://seefaBanu.github.io/ui-api-testing/23//#testresult/c4692c0509e12bd4","status":"passed","time":{"start":1735892048635,"stop":1735892056205,"duration":7570}},{"uid":"e34228fa76e5d10b","reportUrl":"https://seefaBanu.github.io/ui-api-testing/22//#testresult/e34228fa76e5d10b","status":"passed","time":{"start":1735892021966,"stop":1735892032152,"duration":10186}},{"uid":"8ee624aa753dfd56","reportUrl":"https://seefaBanu.github.io/ui-api-testing/21//#testresult/8ee624aa753dfd56","status":"passed","time":{"start":1735860331704,"stop":1735860342472,"duration":10768}},{"uid":"64450eab82ae12b5","reportUrl":"https://seefaBanu.github.io/ui-api-testing/20//#testresult/64450eab82ae12b5","status":"passed","time":{"start":1735859711235,"stop":1735859719017,"duration":7782}},{"uid":"5ca561e863e6d07d","reportUrl":"https://seefaBanu.github.io/ui-api-testing/19//#testresult/5ca561e863e6d07d","status":"passed","time":{"start":1735859474637,"stop":1735859484576,"duration":9939}},{"uid":"9d56a7914ebffd4e","reportUrl":"https://seefaBanu.github.io/ui-api-testing/18//#testresult/9d56a7914ebffd4e","status":"passed","time":{"start":1735855458292,"stop":1735855466843,"duration":8551}}]},"tags":["AddToCart"]},"source":"cf2aabc82eff797c.json","parameterValues":[]}